2023-05-17T09:33:40.114Z [Modules] Modules initializing
2023-05-17T09:33:40.115Z [Modules] Distribution: remote
2023-05-17T09:33:40.115Z [Modules] Host updates: enabled
2023-05-17T09:33:40.115Z [Modules] Module updates: enabled
2023-05-17T09:33:40.115Z [Modules] Module install path: /home/oskarw/.config/discord/0.0.27/modules
2023-05-17T09:33:40.116Z [Modules] Module installed file path: /home/oskarw/.config/discord/0.0.27/modules/installed.json
2023-05-17T09:33:40.116Z [Modules] Module download path: /home/oskarw/.config/discord/0.0.27/modules/pending
2023-05-17T09:33:42.048Z [Modules] Bootstrapping...
2023-05-17T09:33:42.050Z [Modules] Installing discord_desktop_core@0 from /opt/discord/resources/bootstrap/discord_desktop_core.zip
2023-05-17T09:33:42.053Z [Modules] Failed installing discord_desktop_core@0: Error: ENOENT: no such file or directory, open '/opt/discord/resources/bootstrap/discord_desktop_core.zip'
2023-05-17T09:33:42.055Z [Modules] Installing discord_erlpack@0 from /opt/discord/resources/bootstrap/discord_erlpack.zip
2023-05-17T09:33:42.060Z [Modules] Failed installing discord_erlpack@0: Error: ENOENT: no such file or directory, open '/opt/discord/resources/bootstrap/discord_erlpack.zip'
2023-05-17T09:33:42.061Z [Modules] Installing discord_spellcheck@0 from /opt/discord/resources/bootstrap/discord_spellcheck.zip
2023-05-17T09:33:42.061Z [Modules] Failed installing discord_spellcheck@0: Error: ENOENT: no such file or directory, open '/opt/discord/resources/bootstrap/discord_spellcheck.zip'
2023-05-17T09:33:42.062Z [Modules] Installing discord_utils@0 from /opt/discord/resources/bootstrap/discord_utils.zip
2023-05-17T09:33:42.063Z [Modules] Failed installing discord_utils@0: Error: ENOENT: no such file or directory, open '/opt/discord/resources/bootstrap/discord_utils.zip'
2023-05-17T09:33:42.064Z [Modules] Installing discord_voice@0 from /opt/discord/resources/bootstrap/discord_voice.zip
2023-05-17T09:33:42.064Z [Modules] Failed installing discord_voice@0: Error: ENOENT: no such file or directory, open '/opt/discord/resources/bootstrap/discord_voice.zip'
2023-05-17T09:33:42.065Z [Modules] Finished module installations. [success: 0] [failure: 5]
2023-05-17T09:33:42.065Z [Modules] Checking for host updates.
2023-05-17T09:33:42.260Z [Modules] Host is up to date.
2023-05-17T09:33:42.260Z [Modules] Checking for module updates at https://discord.com/api/modules/stable/versions.json
2023-05-17T09:33:42.281Z [Modules] Module update available: discord_desktop_core@1 [installed: 0]
2023-05-17T09:33:42.281Z [Modules] Module update available: discord_erlpack@1 [installed: 0]
2023-05-17T09:33:42.281Z [Modules] Module update available: discord_spellcheck@1 [installed: 0]
2023-05-17T09:33:42.281Z [Modules] Module update available: discord_utils@1 [installed: 0]
2023-05-17T09:33:42.282Z [Modules] Module update available: discord_voice@1 [installed: 0]
2023-05-17T09:33:42.282Z [Modules] Fetching discord_desktop_core@1 from https://discord.com/api/modules/stable/discord_desktop_core/1
2023-05-17T09:33:42.283Z [Modules] Streaming discord_desktop_core@1 to /home/oskarw/.config/discord/0.0.27/modules/pending/discord_desktop_core-1.zip
2023-05-17T09:33:42.483Z [Modules] Streaming discord_desktop_core@1 to /home/oskarw/.config/discord/0.0.27/modules/pending/discord_desktop_core-1.zip: 2%
2023-05-17T09:33:42.488Z [Modules] Streaming discord_desktop_core@1 to /home/oskarw/.config/discord/0.0.27/modules/pending/discord_desktop_core-1.zip: 5%
2023-05-17T09:33:42.490Z [Modules] Streaming discord_desktop_core@1 to /home/oskarw/.config/discord/0.0.27/modules/pending/discord_desktop_core-1.zip: 6%
2023-05-17T09:33:42.492Z [Modules] Streaming discord_desktop_core@1 to /home/oskarw/.config/discord/0.0.27/modules/pending/discord_desktop_core-1.zip: 11%
2023-05-17T09:33:42.494Z [Modules] Streaming discord_desktop_core@1 to /home/oskarw/.config/discord/0.0.27/modules/pending/discord_desktop_core-1.zip: 12%
2023-05-17T09:33:42.497Z [Modules] Streaming discord_desktop_core@1 to /home/oskarw/.config/discord/0.0.27/modules/pending/discord_desktop_core-1.zip: 14%
2023-05-17T09:33:42.504Z [Modules] Streaming discord_desktop_core@1 to /home/oskarw/.config/discord/0.0.27/modules/pending/discord_desktop_core-1.zip: 19%
2023-05-17T09:33:42.507Z [Modules] Streaming discord_desktop_core@1 to /home/oskarw/.config/discord/0.0.27/modules/pending/discord_desktop_core-1.zip: 23%
2023-05-17T09:33:42.514Z [Modules] Streaming discord_desktop_core@1 to /home/oskarw/.config/discord/0.0.27/modules/pending/discord_desktop_core-1.zip: 26%
2023-05-17T09:33:42.518Z [Modules] Streaming discord_desktop_core@1 to /home/oskarw/.config/discord/0.0.27/modules/pending/discord_desktop_core-1.zip: 30%
2023-05-17T09:33:42.519Z [Modules] Streaming discord_desktop_core@1 to /home/oskarw/.config/discord/0.0.27/modules/pending/discord_desktop_core-1.zip: 31%
2023-05-17T09:33:42.523Z [Modules] Streaming discord_desktop_core@1 to /home/oskarw/.config/discord/0.0.27/modules/pending/discord_desktop_core-1.zip: 34%
2023-05-17T09:33:42.525Z [Modules] Streaming discord_desktop_core@1 to /home/oskarw/.config/discord/0.0.27/modules/pending/discord_desktop_core-1.zip: 37%
2023-05-17T09:33:42.530Z [Modules] Streaming discord_desktop_core@1 to /home/oskarw/.config/discord/0.0.27/modules/pending/discord_desktop_core-1.zip: 39%
2023-05-17T09:33:42.533Z [Modules] Streaming discord_desktop_core@1 to /home/oskarw/.config/discord/0.0.27/modules/pending/discord_desktop_core-1.zip: 42%
2023-05-17T09:33:42.535Z [Modules] Streaming discord_desktop_core@1 to /home/oskarw/.config/discord/0.0.27/modules/pending/discord_desktop_core-1.zip: 45%
2023-05-17T09:33:42.539Z [Modules] Streaming discord_desktop_core@1 to /home/oskarw/.config/discord/0.0.27/modules/pending/discord_desktop_core-1.zip: 49%
2023-05-17T09:33:42.543Z [Modules] Streaming discord_desktop_core@1 to /home/oskarw/.config/discord/0.0.27/modules/pending/discord_desktop_core-1.zip: 51%
2023-05-17T09:33:42.545Z [Modules] Streaming discord_desktop_core@1 to /home/oskarw/.config/discord/0.0.27/modules/pending/discord_desktop_core-1.zip: 53%
2023-05-17T09:33:42.548Z [Modules] Streaming discord_desktop_core@1 to /home/oskarw/.config/discord/0.0.27/modules/pending/discord_desktop_core-1.zip: 55%
2023-05-17T09:33:42.551Z [Modules] Streaming discord_desktop_core@1 to /home/oskarw/.config/discord/0.0.27/modules/pending/discord_desktop_core-1.zip: 58%
2023-05-17T09:33:42.555Z [Modules] Streaming discord_desktop_core@1 to /home/oskarw/.config/discord/0.0.27/modules/pending/discord_desktop_core-1.zip: 61%
2023-05-17T09:33:42.556Z [Modules] Streaming discord_desktop_core@1 to /home/oskarw/.config/discord/0.0.27/modules/pending/discord_desktop_core-1.zip: 66%
2023-05-17T09:33:42.557Z [Modules] Streaming discord_desktop_core@1 to /home/oskarw/.config/discord/0.0.27/modules/pending/discord_desktop_core-1.zip: 67%
2023-05-17T09:33:42.560Z [Modules] Streaming discord_desktop_core@1 to /home/oskarw/.config/discord/0.0.27/modules/pending/discord_desktop_core-1.zip: 71%
2023-05-17T09:33:42.563Z [Modules] Streaming discord_desktop_core@1 to /home/oskarw/.config/discord/0.0.27/modules/pending/discord_desktop_core-1.zip: 72%
2023-05-17T09:33:42.566Z [Modules] Streaming discord_desktop_core@1 to /home/oskarw/.config/discord/0.0.27/modules/pending/discord_desktop_core-1.zip: 76%
2023-05-17T09:33:42.567Z [Modules] Streaming discord_desktop_core@1 to /home/oskarw/.config/discord/0.0.27/modules/pending/discord_desktop_core-1.zip: 78%
2023-05-17T09:33:42.569Z [Modules] Streaming discord_desktop_core@1 to /home/oskarw/.config/discord/0.0.27/modules/pending/discord_desktop_core-1.zip: 82%
2023-05-17T09:33:42.571Z [Modules] Streaming discord_desktop_core@1 to /home/oskarw/.config/discord/0.0.27/modules/pending/discord_desktop_core-1.zip: 86%
2023-05-17T09:33:42.574Z [Modules] Streaming discord_desktop_core@1 to /home/oskarw/.config/discord/0.0.27/modules/pending/discord_desktop_core-1.zip: 89%
2023-05-17T09:33:42.577Z [Modules] Streaming discord_desktop_core@1 to /home/oskarw/.config/discord/0.0.27/modules/pending/discord_desktop_core-1.zip: 93%
2023-05-17T09:33:42.578Z [Modules] Streaming discord_desktop_core@1 to /home/oskarw/.config/discord/0.0.27/modules/pending/discord_desktop_core-1.zip: 94%
2023-05-17T09:33:42.579Z [Modules] Streaming discord_desktop_core@1 to /home/oskarw/.config/discord/0.0.27/modules/pending/discord_desktop_core-1.zip: 99%
2023-05-17T09:33:42.581Z [Modules] Streaming discord_desktop_core@1 to /home/oskarw/.config/discord/0.0.27/modules/pending/discord_desktop_core-1.zip: 100%
2023-05-17T09:33:42.584Z [Modules] Fetching discord_erlpack@1 from https://discord.com/api/modules/stable/discord_erlpack/1
2023-05-17T09:33:42.584Z [Modules] Streaming discord_erlpack@1 to /home/oskarw/.config/discord/0.0.27/modules/pending/discord_erlpack-1.zip
2023-05-17T09:33:42.772Z [Modules] Streaming discord_erlpack@1 to /home/oskarw/.config/discord/0.0.27/modules/pending/discord_erlpack-1.zip: 3%
2023-05-17T09:33:42.773Z [Modules] Streaming discord_erlpack@1 to /home/oskarw/.config/discord/0.0.27/modules/pending/discord_erlpack-1.zip: 7%
2023-05-17T09:33:42.774Z [Modules] Streaming discord_erlpack@1 to /home/oskarw/.config/discord/0.0.27/modules/pending/discord_erlpack-1.zip: 11%
2023-05-17T09:33:42.777Z [Modules] Streaming discord_erlpack@1 to /home/oskarw/.config/discord/0.0.27/modules/pending/discord_erlpack-1.zip: 14%
2023-05-17T09:33:42.777Z [Modules] Streaming discord_erlpack@1 to /home/oskarw/.config/discord/0.0.27/modules/pending/discord_erlpack-1.zip: 18%
2023-05-17T09:33:42.779Z [Modules] Streaming discord_erlpack@1 to /home/oskarw/.config/discord/0.0.27/modules/pending/discord_erlpack-1.zip: 20%
2023-05-17T09:33:42.797Z [Modules] Streaming discord_erlpack@1 to /home/oskarw/.config/discord/0.0.27/modules/pending/discord_erlpack-1.zip: 24%
2023-05-17T09:33:42.800Z [Modules] Streaming discord_erlpack@1 to /home/oskarw/.config/discord/0.0.27/modules/pending/discord_erlpack-1.zip: 27%
2023-05-17T09:33:42.801Z [Modules] Streaming discord_erlpack@1 to /home/oskarw/.config/discord/0.0.27/modules/pending/discord_erlpack-1.zip: 32%
2023-05-17T09:33:42.803Z [Modules] Streaming discord_erlpack@1 to /home/oskarw/.config/discord/0.0.27/modules/pending/discord_erlpack-1.zip: 36%
2023-05-17T09:33:42.803Z [Modules] Streaming discord_erlpack@1 to /home/oskarw/.config/discord/0.0.27/modules/pending/discord_erlpack-1.zip: 39%
2023-05-17T09:33:42.819Z [Modules] Streaming discord_erlpack@1 to /home/oskarw/.config/discord/0.0.27/modules/pending/discord_erlpack-1.zip: 43%
2023-05-17T09:33:42.820Z [Modules] Streaming discord_erlpack@1 to /home/oskarw/.config/discord/0.0.27/modules/pending/discord_erlpack-1.zip: 47%
2023-05-17T09:33:42.821Z [Modules] Streaming discord_erlpack@1 to /home/oskarw/.config/discord/0.0.27/modules/pending/discord_erlpack-1.zip: 51%
2023-05-17T09:33:42.822Z [Modules] Streaming discord_erlpack@1 to /home/oskarw/.config/discord/0.0.27/modules/pending/discord_erlpack-1.zip: 54%
2023-05-17T09:33:42.824Z [Modules] Streaming discord_erlpack@1 to /home/oskarw/.config/discord/0.0.27/modules/pending/discord_erlpack-1.zip: 58%
2023-05-17T09:33:42.825Z [Modules] Streaming discord_erlpack@1 to /home/oskarw/.config/discord/0.0.27/modules/pending/discord_erlpack-1.zip: 60%
2023-05-17T09:33:42.839Z [Modules] Streaming discord_erlpack@1 to /home/oskarw/.config/discord/0.0.27/modules/pending/discord_erlpack-1.zip: 62%
2023-05-17T09:33:42.840Z [Modules] Streaming discord_erlpack@1 to /home/oskarw/.config/discord/0.0.27/modules/pending/discord_erlpack-1.zip: 66%
2023-05-17T09:33:42.841Z [Modules] Streaming discord_erlpack@1 to /home/oskarw/.config/discord/0.0.27/modules/pending/discord_erlpack-1.zip: 70%
2023-05-17T09:33:42.843Z [Modules] Streaming discord_erlpack@1 to /home/oskarw/.config/discord/0.0.27/modules/pending/discord_erlpack-1.zip: 76%
2023-05-17T09:33:42.844Z [Modules] Streaming discord_erlpack@1 to /home/oskarw/.config/discord/0.0.27/modules/pending/discord_erlpack-1.zip: 80%
2023-05-17T09:33:42.846Z [Modules] Streaming discord_erlpack@1 to /home/oskarw/.config/discord/0.0.27/modules/pending/discord_erlpack-1.zip: 81%
2023-05-17T09:33:42.858Z [Modules] Streaming discord_erlpack@1 to /home/oskarw/.config/discord/0.0.27/modules/pending/discord_erlpack-1.zip: 82%
2023-05-17T09:33:42.860Z [Modules] Streaming discord_erlpack@1 to /home/oskarw/.config/discord/0.0.27/modules/pending/discord_erlpack-1.zip: 86%
2023-05-17T09:33:42.861Z [Modules] Streaming discord_erlpack@1 to /home/oskarw/.config/discord/0.0.27/modules/pending/discord_erlpack-1.zip: 89%
2023-05-17T09:33:42.862Z [Modules] Streaming discord_erlpack@1 to /home/oskarw/.config/discord/0.0.27/modules/pending/discord_erlpack-1.zip: 93%
2023-05-17T09:33:42.865Z [Modules] Streaming discord_erlpack@1 to /home/oskarw/.config/discord/0.0.27/modules/pending/discord_erlpack-1.zip: 97%
2023-05-17T09:33:42.866Z [Modules] Streaming discord_erlpack@1 to /home/oskarw/.config/discord/0.0.27/modules/pending/discord_erlpack-1.zip: 100%
2023-05-17T09:33:42.869Z [Modules] Fetching discord_spellcheck@1 from https://discord.com/api/modules/stable/discord_spellcheck/1
2023-05-17T09:33:42.870Z [Modules] Streaming discord_spellcheck@1 to /home/oskarw/.config/discord/0.0.27/modules/pending/discord_spellcheck-1.zip
2023-05-17T09:33:43.043Z [Modules] Streaming discord_spellcheck@1 to /home/oskarw/.config/discord/0.0.27/modules/pending/discord_spellcheck-1.zip: 1%
2023-05-17T09:33:43.046Z [Modules] Streaming discord_spellcheck@1 to /home/oskarw/.config/discord/0.0.27/modules/pending/discord_spellcheck-1.zip: 2%
2023-05-17T09:33:43.046Z [Modules] Streaming discord_spellcheck@1 to /home/oskarw/.config/discord/0.0.27/modules/pending/discord_spellcheck-1.zip: 3%
2023-05-17T09:33:43.050Z [Modules] Streaming discord_spellcheck@1 to /home/oskarw/.config/discord/0.0.27/modules/pending/discord_spellcheck-1.zip: 4%
2023-05-17T09:33:43.052Z [Modules] Streaming discord_spellcheck@1 to /home/oskarw/.config/discord/0.0.27/modules/pending/discord_spellcheck-1.zip: 5%
2023-05-17T09:33:43.056Z [Modules] Streaming discord_spellcheck@1 to /home/oskarw/.config/discord/0.0.27/modules/pending/discord_spellcheck-1.zip: 6%
2023-05-17T09:33:43.058Z [Modules] Streaming discord_spellcheck@1 to /home/oskarw/.config/discord/0.0.27/modules/pending/discord_spellcheck-1.zip: 7%
2023-05-17T09:33:43.065Z [Modules] Streaming discord_spellcheck@1 to /home/oskarw/.config/discord/0.0.27/modules/pending/discord_spellcheck-1.zip: 8%
2023-05-17T09:33:43.066Z [Modules] Streaming discord_spellcheck@1 to /home/oskarw/.config/discord/0.0.27/modules/pending/discord_spellcheck-1.zip: 9%
2023-05-17T09:33:43.069Z [Modules] Streaming discord_spellcheck@1 to /home/oskarw/.config/discord/0.0.27/modules/pending/discord_spellcheck-1.zip: 10%
2023-05-17T09:33:43.073Z [Modules] Streaming discord_spellcheck@1 to /home/oskarw/.config/discord/0.0.27/modules/pending/discord_spellcheck-1.zip: 11%
2023-05-17T09:33:43.077Z [Modules] Streaming discord_spellcheck@1 to /home/oskarw/.config/discord/0.0.27/modules/pending/discord_spellcheck-1.zip: 12%
2023-05-17T09:33:43.080Z [Modules] Streaming discord_spellcheck@1 to /home/oskarw/.config/discord/0.0.27/modules/pending/discord_spellcheck-1.zip: 13%
2023-05-17T09:33:43.081Z [Modules] Streaming discord_spellcheck@1 to /home/oskarw/.config/discord/0.0.27/modules/pending/discord_spellcheck-1.zip: 14%
2023-05-17T09:33:43.085Z [Modules] Streaming discord_spellcheck@1 to /home/oskarw/.config/discord/0.0.27/modules/pending/discord_spellcheck-1.zip: 15%
2023-05-17T09:33:43.088Z [Modules] Streaming discord_spellcheck@1 to /home/oskarw/.config/discord/0.0.27/modules/pending/discord_spellcheck-1.zip: 16%
2023-05-17T09:33:43.093Z [Modules] Streaming discord_spellcheck@1 to /home/oskarw/.config/discord/0.0.27/modules/pending/discord_spellcheck-1.zip: 17%
2023-05-17T09:33:43.095Z [Modules] Streaming discord_spellcheck@1 to /home/oskarw/.config/discord/0.0.27/modules/pending/discord_spellcheck-1.zip: 18%
2023-05-17T09:33:43.100Z [Modules] Streaming discord_spellcheck@1 to /home/oskarw/.config/discord/0.0.27/modules/pending/discord_spellcheck-1.zip: 19%
2023-05-17T09:33:43.105Z [Modules] Streaming discord_spellcheck@1 to /home/oskarw/.config/discord/0.0.27/modules/pending/discord_spellcheck-1.zip: 20%
2023-05-17T09:33:43.108Z [Modules] Streaming discord_spellcheck@1 to /home/oskarw/.config/discord/0.0.27/modules/pending/discord_spellcheck-1.zip: 21%
2023-05-17T09:33:43.109Z [Modules] Streaming discord_spellcheck@1 to /home/oskarw/.config/discord/0.0.27/modules/pending/discord_spellcheck-1.zip: 22%
2023-05-17T09:33:43.113Z [Modules] Streaming discord_spellcheck@1 to /home/oskarw/.config/discord/0.0.27/modules/pending/discord_spellcheck-1.zip: 23%
2023-05-17T09:33:43.115Z [Modules] Streaming discord_spellcheck@1 to /home/oskarw/.config/discord/0.0.27/modules/pending/discord_spellcheck-1.zip: 24%
2023-05-17T09:33:43.118Z [Modules] Streaming discord_spellcheck@1 to /home/oskarw/.config/discord/0.0.27/modules/pending/discord_spellcheck-1.zip: 25%
2023-05-17T09:33:43.121Z [Modules] Streaming discord_spellcheck@1 to /home/oskarw/.config/discord/0.0.27/modules/pending/discord_spellcheck-1.zip: 26%
2023-05-17T09:33:43.125Z [Modules] Streaming discord_spellcheck@1 to /home/oskarw/.config/discord/0.0.27/modules/pending/discord_spellcheck-1.zip: 27%
2023-05-17T09:33:43.127Z [Modules] Streaming discord_spellcheck@1 to /home/oskarw/.config/discord/0.0.27/modules/pending/discord_spellcheck-1.zip: 28%
2023-05-17T09:33:43.133Z [Modules] Streaming discord_spellcheck@1 to /home/oskarw/.config/discord/0.0.27/modules/pending/discord_spellcheck-1.zip: 29%
2023-05-17T09:33:43.136Z [Modules] Streaming discord_spellcheck@1 to /home/oskarw/.config/discord/0.0.27/modules/pending/discord_spellcheck-1.zip: 30%
2023-05-17T09:33:43.137Z [Modules] Streaming discord_spellcheck@1 to /home/oskarw/.config/discord/0.0.27/modules/pending/discord_spellcheck-1.zip: 31%
2023-05-17T09:33:43.139Z [Modules] Streaming discord_spellcheck@1 to /home/oskarw/.config/discord/0.0.27/modules/pending/discord_spellcheck-1.zip: 32%
2023-05-17T09:33:43.149Z [Modules] Streaming discord_spellcheck@1 to /home/oskarw/.config/discord/0.0.27/modules/pending/discord_spellcheck-1.zip: 33%
2023-05-17T09:33:43.150Z [Modules] Streaming discord_spellcheck@1 to /home/oskarw/.config/discord/0.0.27/modules/pending/discord_spellcheck-1.zip: 34%
2023-05-17T09:33:43.153Z [Modules] Streaming discord_spellcheck@1 to /home/oskarw/.config/discord/0.0.27/modules/pending/discord_spellcheck-1.zip: 35%
2023-05-17T09:33:43.155Z [Modules] Streaming discord_spellcheck@1 to /home/oskarw/.config/discord/0.0.27/modules/pending/discord_spellcheck-1.zip: 36%
2023-05-17T09:33:43.160Z [Modules] Streaming discord_spellcheck@1 to /home/oskarw/.config/discord/0.0.27/modules/pending/discord_spellcheck-1.zip: 37%
2023-05-17T09:33:43.164Z [Modules] Streaming discord_spellcheck@1 to /home/oskarw/.config/discord/0.0.27/modules/pending/discord_spellcheck-1.zip: 38%
2023-05-17T09:33:43.169Z [Modules] Streaming discord_spellcheck@1 to /home/oskarw/.config/discord/0.0.27/modules/pending/discord_spellcheck-1.zip: 39%
2023-05-17T09:33:43.170Z [Modules] Streaming discord_spellcheck@1 to /home/oskarw/.config/discord/0.0.27/modules/pending/discord_spellcheck-1.zip: 40%
2023-05-17T09:33:43.174Z [Modules] Streaming discord_spellcheck@1 to /home/oskarw/.config/discord/0.0.27/modules/pending/discord_spellcheck-1.zip: 41%
2023-05-17T09:33:43.179Z [Modules] Streaming discord_spellcheck@1 to /home/oskarw/.config/discord/0.0.27/modules/pending/discord_spellcheck-1.zip: 42%
2023-05-17T09:33:43.182Z [Modules] Streaming discord_spellcheck@1 to /home/oskarw/.config/discord/0.0.27/modules/pending/discord_spellcheck-1.zip: 43%
2023-05-17T09:33:43.186Z [Modules] Streaming discord_spellcheck@1 to /home/oskarw/.config/discord/0.0.27/modules/pending/discord_spellcheck-1.zip: 44%
2023-05-17T09:33:43.187Z [Modules] Streaming discord_spellcheck@1 to /home/oskarw/.config/discord/0.0.27/modules/pending/discord_spellcheck-1.zip: 45%
2023-05-17T09:33:43.193Z [Modules] Streaming discord_spellcheck@1 to /home/oskarw/.config/discord/0.0.27/modules/pending/discord_spellcheck-1.zip: 46%
2023-05-17T09:33:43.195Z [Modules] Streaming discord_spellcheck@1 to /home/oskarw/.config/discord/0.0.27/modules/pending/discord_spellcheck-1.zip: 47%
2023-05-17T09:33:43.197Z [Modules] Streaming discord_spellcheck@1 to /home/oskarw/.config/discord/0.0.27/modules/pending/discord_spellcheck-1.zip: 48%
2023-05-17T09:33:43.202Z [Modules] Streaming discord_spellcheck@1 to /home/oskarw/.config/discord/0.0.27/modules/pending/discord_spellcheck-1.zip: 49%
2023-05-17T09:33:43.210Z [Modules] Streaming discord_spellcheck@1 to /home/oskarw/.config/discord/0.0.27/modules/pending/discord_spellcheck-1.zip: 50%
2023-05-17T09:33:43.211Z [Modules] Streaming discord_spellcheck@1 to /home/oskarw/.config/discord/0.0.27/modules/pending/discord_spellcheck-1.zip: 51%
2023-05-17T09:33:43.214Z [Modules] Streaming discord_spellcheck@1 to /home/oskarw/.config/discord/0.0.27/modules/pending/discord_spellcheck-1.zip: 52%
2023-05-17T09:33:43.216Z [Modules] Streaming discord_spellcheck@1 to /home/oskarw/.config/discord/0.0.27/modules/pending/discord_spellcheck-1.zip: 53%
2023-05-17T09:33:43.220Z [Modules] Streaming discord_spellcheck@1 to /home/oskarw/.config/discord/0.0.27/modules/pending/discord_spellcheck-1.zip: 54%
2023-05-17T09:33:43.223Z [Modules] Streaming discord_spellcheck@1 to /home/oskarw/.config/discord/0.0.27/modules/pending/discord_spellcheck-1.zip: 55%
2023-05-17T09:33:43.225Z [Modules] Streaming discord_spellcheck@1 to /home/oskarw/.config/discord/0.0.27/modules/pending/discord_spellcheck-1.zip: 56%
2023-05-17T09:33:43.228Z [Modules] Streaming discord_spellcheck@1 to /home/oskarw/.config/discord/0.0.27/modules/pending/discord_spellcheck-1.zip: 57%
2023-05-17T09:33:43.234Z [Modules] Streaming discord_spellcheck@1 to /home/oskarw/.config/discord/0.0.27/modules/pending/discord_spellcheck-1.zip: 58%
2023-05-17T09:33:43.235Z [Modules] Streaming discord_spellcheck@1 to /home/oskarw/.config/discord/0.0.27/modules/pending/discord_spellcheck-1.zip: 59%
2023-05-17T09:33:43.238Z [Modules] Streaming discord_spellcheck@1 to /home/oskarw/.config/discord/0.0.27/modules/pending/discord_spellcheck-1.zip: 60%
2023-05-17T09:33:43.241Z [Modules] Streaming discord_spellcheck@1 to /home/oskarw/.config/discord/0.0.27/modules/pending/discord_spellcheck-1.zip: 61%
2023-05-17T09:33:43.242Z [Modules] Streaming discord_spellcheck@1 to /home/oskarw/.config/discord/0.0.27/modules/pending/discord_spellcheck-1.zip: 62%
2023-05-17T09:33:43.247Z [Modules] Streaming discord_spellcheck@1 to /home/oskarw/.config/discord/0.0.27/modules/pending/discord_spellcheck-1.zip: 63%
2023-05-17T09:33:43.249Z [Modules] Streaming discord_spellcheck@1 to /home/oskarw/.config/discord/0.0.27/modules/pending/discord_spellcheck-1.zip: 64%
2023-05-17T09:33:43.251Z [Modules] Streaming discord_spellcheck@1 to /home/oskarw/.config/discord/0.0.27/modules/pending/discord_spellcheck-1.zip: 65%
2023-05-17T09:33:43.253Z [Modules] Streaming discord_spellcheck@1 to /home/oskarw/.config/discord/0.0.27/modules/pending/discord_spellcheck-1.zip: 66%
2023-05-17T09:33:43.257Z [Modules] Streaming discord_spellcheck@1 to /home/oskarw/.config/discord/0.0.27/modules/pending/discord_spellcheck-1.zip: 67%
2023-05-17T09:33:43.258Z [Modules] Streaming discord_spellcheck@1 to /home/oskarw/.config/discord/0.0.27/modules/pending/discord_spellcheck-1.zip: 68%
2023-05-17T09:33:43.260Z [Modules] Streaming discord_spellcheck@1 to /home/oskarw/.config/discord/0.0.27/modules/pending/discord_spellcheck-1.zip: 69%
2023-05-17T09:33:43.261Z [Modules] Streaming discord_spellcheck@1 to /home/oskarw/.config/discord/0.0.27/modules/pending/discord_spellcheck-1.zip: 70%
2023-05-17T09:33:43.262Z [Modules] Streaming discord_spellcheck@1 to /home/oskarw/.config/discord/0.0.27/modules/pending/discord_spellcheck-1.zip: 71%
2023-05-17T09:33:43.264Z [Modules] Streaming discord_spellcheck@1 to /home/oskarw/.config/discord/0.0.27/modules/pending/discord_spellcheck-1.zip: 72%
2023-05-17T09:33:43.266Z [Modules] Streaming discord_spellcheck@1 to /home/oskarw/.config/discord/0.0.27/modules/pending/discord_spellcheck-1.zip: 73%
2023-05-17T09:33:43.266Z [Modules] Streaming discord_spellcheck@1 to /home/oskarw/.config/discord/0.0.27/modules/pending/discord_spellcheck-1.zip: 74%
2023-05-17T09:33:43.269Z [Modules] Streaming discord_spellcheck@1 to /home/oskarw/.config/discord/0.0.27/modules/pending/discord_spellcheck-1.zip: 75%
2023-05-17T09:33:43.270Z [Modules] Streaming discord_spellcheck@1 to /home/oskarw/.config/discord/0.0.27/modules/pending/discord_spellcheck-1.zip: 76%
2023-05-17T09:33:43.272Z [Modules] Streaming discord_spellcheck@1 to /home/oskarw/.config/discord/0.0.27/modules/pending/discord_spellcheck-1.zip: 77%
2023-05-17T09:33:43.275Z [Modules] Streaming discord_spellcheck@1 to /home/oskarw/.config/discord/0.0.27/modules/pending/discord_spellcheck-1.zip: 78%
2023-05-17T09:33:43.276Z [Modules] Streaming discord_spellcheck@1 to /home/oskarw/.config/discord/0.0.27/modules/pending/discord_spellcheck-1.zip: 79%
2023-05-17T09:33:43.279Z [Modules] Streaming discord_spellcheck@1 to /home/oskarw/.config/discord/0.0.27/modules/pending/discord_spellcheck-1.zip: 80%
2023-05-17T09:33:43.281Z [Modules] Streaming discord_spellcheck@1 to /home/oskarw/.config/discord/0.0.27/modules/pending/discord_spellcheck-1.zip: 81%
2023-05-17T09:33:43.285Z [Modules] Streaming discord_spellcheck@1 to /home/oskarw/.config/discord/0.0.27/modules/pending/discord_spellcheck-1.zip: 82%
2023-05-17T09:33:43.290Z [Modules] Streaming discord_spellcheck@1 to /home/oskarw/.config/discord/0.0.27/modules/pending/discord_spellcheck-1.zip: 83%
2023-05-17T09:33:43.291Z [Modules] Streaming discord_spellcheck@1 to /home/oskarw/.config/discord/0.0.27/modules/pending/discord_spellcheck-1.zip: 84%
2023-05-17T09:33:43.292Z [Modules] Streaming discord_spellcheck@1 to /home/oskarw/.config/discord/0.0.27/modules/pending/discord_spellcheck-1.zip: 85%
2023-05-17T09:33:43.295Z [Modules] Streaming discord_spellcheck@1 to /home/oskarw/.config/discord/0.0.27/modules/pending/discord_spellcheck-1.zip: 86%
2023-05-17T09:33:43.297Z [Modules] Streaming discord_spellcheck@1 to /home/oskarw/.config/discord/0.0.27/modules/pending/discord_spellcheck-1.zip: 87%
2023-05-17T09:33:43.303Z [Modules] Streaming discord_spellcheck@1 to /home/oskarw/.config/discord/0.0.27/modules/pending/discord_spellcheck-1.zip: 88%
2023-05-17T09:33:43.309Z [Modules] Streaming discord_spellcheck@1 to /home/oskarw/.config/discord/0.0.27/modules/pending/discord_spellcheck-1.zip: 89%
2023-05-17T09:33:43.310Z [Modules] Streaming discord_spellcheck@1 to /home/oskarw/.config/discord/0.0.27/modules/pending/discord_spellcheck-1.zip: 90%
2023-05-17T09:33:43.311Z [Modules] Streaming discord_spellcheck@1 to /home/oskarw/.config/discord/0.0.27/modules/pending/discord_spellcheck-1.zip: 91%
2023-05-17T09:33:43.317Z [Modules] Streaming discord_spellcheck@1 to /home/oskarw/.config/discord/0.0.27/modules/pending/discord_spellcheck-1.zip: 92%
2023-05-17T09:33:43.318Z [Modules] Streaming discord_spellcheck@1 to /home/oskarw/.config/discord/0.0.27/modules/pending/discord_spellcheck-1.zip: 93%
2023-05-17T09:33:43.326Z [Modules] Streaming discord_spellcheck@1 to /home/oskarw/.config/discord/0.0.27/modules/pending/discord_spellcheck-1.zip: 94%
2023-05-17T09:33:43.332Z [Modules] Streaming discord_spellcheck@1 to /home/oskarw/.config/discord/0.0.27/modules/pending/discord_spellcheck-1.zip: 95%
2023-05-17T09:33:43.333Z [Modules] Streaming discord_spellcheck@1 to /home/oskarw/.config/discord/0.0.27/modules/pending/discord_spellcheck-1.zip: 96%
2023-05-17T09:33:43.334Z [Modules] Streaming discord_spellcheck@1 to /home/oskarw/.config/discord/0.0.27/modules/pending/discord_spellcheck-1.zip: 97%
2023-05-17T09:33:43.339Z [Modules] Streaming discord_spellcheck@1 to /home/oskarw/.config/discord/0.0.27/modules/pending/discord_spellcheck-1.zip: 98%
2023-05-17T09:33:43.341Z [Modules] Streaming discord_spellcheck@1 to /home/oskarw/.config/discord/0.0.27/modules/pending/discord_spellcheck-1.zip: 99%
2023-05-17T09:33:43.346Z [Modules] Streaming discord_spellcheck@1 to /home/oskarw/.config/discord/0.0.27/modules/pending/discord_spellcheck-1.zip: 100%
2023-05-17T09:33:43.348Z [Modules] Fetching discord_utils@1 from https://discord.com/api/modules/stable/discord_utils/1
2023-05-17T09:33:43.348Z [Modules] Streaming discord_utils@1 to /home/oskarw/.config/discord/0.0.27/modules/pending/discord_utils-1.zip
2023-05-17T09:33:43.522Z [Modules] Streaming discord_utils@1 to /home/oskarw/.config/discord/0.0.27/modules/pending/discord_utils-1.zip: 2%
2023-05-17T09:33:43.524Z [Modules] Streaming discord_utils@1 to /home/oskarw/.config/discord/0.0.27/modules/pending/discord_utils-1.zip: 4%
2023-05-17T09:33:43.526Z [Modules] Streaming discord_utils@1 to /home/oskarw/.config/discord/0.0.27/modules/pending/discord_utils-1.zip: 7%
2023-05-17T09:33:43.526Z [Modules] Streaming discord_utils@1 to /home/oskarw/.config/discord/0.0.27/modules/pending/discord_utils-1.zip: 9%
2023-05-17T09:33:43.527Z [Modules] Streaming discord_utils@1 to /home/oskarw/.config/discord/0.0.27/modules/pending/discord_utils-1.zip: 11%
2023-05-17T09:33:43.527Z [Modules] Streaming discord_utils@1 to /home/oskarw/.config/discord/0.0.27/modules/pending/discord_utils-1.zip: 15%
2023-05-17T09:33:43.528Z [Modules] Streaming discord_utils@1 to /home/oskarw/.config/discord/0.0.27/modules/pending/discord_utils-1.zip: 17%
2023-05-17T09:33:43.528Z [Modules] Streaming discord_utils@1 to /home/oskarw/.config/discord/0.0.27/modules/pending/discord_utils-1.zip: 19%
2023-05-17T09:33:43.534Z [Modules] Streaming discord_utils@1 to /home/oskarw/.config/discord/0.0.27/modules/pending/discord_utils-1.zip: 20%
2023-05-17T09:33:43.535Z [Modules] Streaming discord_utils@1 to /home/oskarw/.config/discord/0.0.27/modules/pending/discord_utils-1.zip: 22%
2023-05-17T09:33:43.536Z [Modules] Streaming discord_utils@1 to /home/oskarw/.config/discord/0.0.27/modules/pending/discord_utils-1.zip: 24%
2023-05-17T09:33:43.536Z [Modules] Streaming discord_utils@1 to /home/oskarw/.config/discord/0.0.27/modules/pending/discord_utils-1.zip: 26%
2023-05-17T09:33:43.537Z [Modules] Streaming discord_utils@1 to /home/oskarw/.config/discord/0.0.27/modules/pending/discord_utils-1.zip: 28%
2023-05-17T09:33:43.538Z [Modules] Streaming discord_utils@1 to /home/oskarw/.config/discord/0.0.27/modules/pending/discord_utils-1.zip: 29%
2023-05-17T09:33:43.538Z [Modules] Streaming discord_utils@1 to /home/oskarw/.config/discord/0.0.27/modules/pending/discord_utils-1.zip: 31%
2023-05-17T09:33:43.539Z [Modules] Streaming discord_utils@1 to /home/oskarw/.config/discord/0.0.27/modules/pending/discord_utils-1.zip: 32%
2023-05-17T09:33:43.540Z [Modules] Streaming discord_utils@1 to /home/oskarw/.config/discord/0.0.27/modules/pending/discord_utils-1.zip: 35%
2023-05-17T09:33:43.542Z [Modules] Streaming discord_utils@1 to /home/oskarw/.config/discord/0.0.27/modules/pending/discord_utils-1.zip: 38%
2023-05-17T09:33:43.543Z [Modules] Streaming discord_utils@1 to /home/oskarw/.config/discord/0.0.27/modules/pending/discord_utils-1.zip: 39%
2023-05-17T09:33:43.547Z [Modules] Streaming discord_utils@1 to /home/oskarw/.config/discord/0.0.27/modules/pending/discord_utils-1.zip: 42%
2023-05-17T09:33:43.548Z [Modules] Streaming discord_utils@1 to /home/oskarw/.config/discord/0.0.27/modules/pending/discord_utils-1.zip: 44%
2023-05-17T09:33:43.549Z [Modules] Streaming discord_utils@1 to /home/oskarw/.config/discord/0.0.27/modules/pending/discord_utils-1.zip: 45%
2023-05-17T09:33:43.551Z [Modules] Streaming discord_utils@1 to /home/oskarw/.config/discord/0.0.27/modules/pending/discord_utils-1.zip: 47%
2023-05-17T09:33:43.552Z [Modules] Streaming discord_utils@1 to /home/oskarw/.config/discord/0.0.27/modules/pending/discord_utils-1.zip: 49%
2023-05-17T09:33:43.552Z [Modules] Streaming discord_utils@1 to /home/oskarw/.config/discord/0.0.27/modules/pending/discord_utils-1.zip: 51%
2023-05-17T09:33:43.553Z [Modules] Streaming discord_utils@1 to /home/oskarw/.config/discord/0.0.27/modules/pending/discord_utils-1.zip: 52%
2023-05-17T09:33:43.555Z [Modules] Streaming discord_utils@1 to /home/oskarw/.config/discord/0.0.27/modules/pending/discord_utils-1.zip: 53%
2023-05-17T09:33:43.556Z [Modules] Streaming discord_utils@1 to /home/oskarw/.config/discord/0.0.27/modules/pending/discord_utils-1.zip: 59%
2023-05-17T09:33:43.559Z [Modules] Streaming discord_utils@1 to /home/oskarw/.config/discord/0.0.27/modules/pending/discord_utils-1.zip: 61%
2023-05-17T09:33:43.560Z [Modules] Streaming discord_utils@1 to /home/oskarw/.config/discord/0.0.27/modules/pending/discord_utils-1.zip: 63%
2023-05-17T09:33:43.561Z [Modules] Streaming discord_utils@1 to /home/oskarw/.config/discord/0.0.27/modules/pending/discord_utils-1.zip: 64%
2023-05-17T09:33:43.562Z [Modules] Streaming discord_utils@1 to /home/oskarw/.config/discord/0.0.27/modules/pending/discord_utils-1.zip: 66%
2023-05-17T09:33:43.565Z [Modules] Streaming discord_utils@1 to /home/oskarw/.config/discord/0.0.27/modules/pending/discord_utils-1.zip: 69%
2023-05-17T09:33:43.567Z [Modules] Streaming discord_utils@1 to /home/oskarw/.config/discord/0.0.27/modules/pending/discord_utils-1.zip: 71%
2023-05-17T09:33:43.569Z [Modules] Streaming discord_utils@1 to /home/oskarw/.config/discord/0.0.27/modules/pending/discord_utils-1.zip: 73%
2023-05-17T09:33:43.569Z [Modules] Streaming discord_utils@1 to /home/oskarw/.config/discord/0.0.27/modules/pending/discord_utils-1.zip: 77%
2023-05-17T09:33:43.570Z [Modules] Streaming discord_utils@1 to /home/oskarw/.config/discord/0.0.27/modules/pending/discord_utils-1.zip: 82%
2023-05-17T09:33:43.571Z [Modules] Streaming discord_utils@1 to /home/oskarw/.config/discord/0.0.27/modules/pending/discord_utils-1.zip: 86%
2023-05-17T09:33:43.576Z [Modules] Streaming discord_utils@1 to /home/oskarw/.config/discord/0.0.27/modules/pending/discord_utils-1.zip: 88%
2023-05-17T09:33:43.578Z [Modules] Streaming discord_utils@1 to /home/oskarw/.config/discord/0.0.27/modules/pending/discord_utils-1.zip: 90%
2023-05-17T09:33:43.578Z [Modules] Streaming discord_utils@1 to /home/oskarw/.config/discord/0.0.27/modules/pending/discord_utils-1.zip: 94%
2023-05-17T09:33:43.579Z [Modules] Streaming discord_utils@1 to /home/oskarw/.config/discord/0.0.27/modules/pending/discord_utils-1.zip: 96%
2023-05-17T09:33:43.581Z [Modules] Streaming discord_utils@1 to /home/oskarw/.config/discord/0.0.27/modules/pending/discord_utils-1.zip: 98%
2023-05-17T09:33:43.583Z [Modules] Streaming discord_utils@1 to /home/oskarw/.config/discord/0.0.27/modules/pending/discord_utils-1.zip: 100%
2023-05-17T09:33:43.585Z [Modules] Fetching discord_voice@1 from https://discord.com/api/modules/stable/discord_voice/1
2023-05-17T09:33:43.585Z [Modules] Streaming discord_voice@1 to /home/oskarw/.config/discord/0.0.27/modules/pending/discord_voice-1.zip
2023-05-17T09:33:43.766Z [Modules] Streaming discord_voice@1 to /home/oskarw/.config/discord/0.0.27/modules/pending/discord_voice-1.zip: 1%
2023-05-17T09:33:43.768Z [Modules] Streaming discord_voice@1 to /home/oskarw/.config/discord/0.0.27/modules/pending/discord_voice-1.zip: 2%
2023-05-17T09:33:43.771Z [Modules] Streaming discord_voice@1 to /home/oskarw/.config/discord/0.0.27/modules/pending/discord_voice-1.zip: 3%
2023-05-17T09:33:43.777Z [Modules] Streaming discord_voice@1 to /home/oskarw/.config/discord/0.0.27/modules/pending/discord_voice-1.zip: 4%
2023-05-17T09:33:43.779Z [Modules] Streaming discord_voice@1 to /home/oskarw/.config/discord/0.0.27/modules/pending/discord_voice-1.zip: 5%
2023-05-17T09:33:43.784Z [Modules] Streaming discord_voice@1 to /home/oskarw/.config/discord/0.0.27/modules/pending/discord_voice-1.zip: 6%
2023-05-17T09:33:43.791Z [Modules] Streaming discord_voice@1 to /home/oskarw/.config/discord/0.0.27/modules/pending/discord_voice-1.zip: 7%
2023-05-17T09:33:43.796Z [Modules] Streaming discord_voice@1 to /home/oskarw/.config/discord/0.0.27/modules/pending/discord_voice-1.zip: 8%
2023-05-17T09:33:43.808Z [Modules] Streaming discord_voice@1 to /home/oskarw/.config/discord/0.0.27/modules/pending/discord_voice-1.zip: 9%
2023-05-17T09:33:43.815Z [Modules] Streaming discord_voice@1 to /home/oskarw/.config/discord/0.0.27/modules/pending/discord_voice-1.zip: 10%
2023-05-17T09:33:43.817Z [Modules] Streaming discord_voice@1 to /home/oskarw/.config/discord/0.0.27/modules/pending/discord_voice-1.zip: 11%
2023-05-17T09:33:43.823Z [Modules] Streaming discord_voice@1 to /home/oskarw/.config/discord/0.0.27/modules/pending/discord_voice-1.zip: 12%
2023-05-17T09:33:43.832Z [Modules] Streaming discord_voice@1 to /home/oskarw/.config/discord/0.0.27/modules/pending/discord_voice-1.zip: 13%
2023-05-17T09:33:43.842Z [Modules] Streaming discord_voice@1 to /home/oskarw/.config/discord/0.0.27/modules/pending/discord_voice-1.zip: 14%
2023-05-17T09:33:43.847Z [Modules] Streaming discord_voice@1 to /home/oskarw/.config/discord/0.0.27/modules/pending/discord_voice-1.zip: 15%
2023-05-17T09:33:43.852Z [Modules] Streaming discord_voice@1 to /home/oskarw/.config/discord/0.0.27/modules/pending/discord_voice-1.zip: 16%
2023-05-17T09:33:43.855Z [Modules] Streaming discord_voice@1 to /home/oskarw/.config/discord/0.0.27/modules/pending/discord_voice-1.zip: 17%
2023-05-17T09:33:43.866Z [Modules] Streaming discord_voice@1 to /home/oskarw/.config/discord/0.0.27/modules/pending/discord_voice-1.zip: 18%
2023-05-17T09:33:43.871Z [Modules] Streaming discord_voice@1 to /home/oskarw/.config/discord/0.0.27/modules/pending/discord_voice-1.zip: 19%
2023-05-17T09:33:43.877Z [Modules] Streaming discord_voice@1 to /home/oskarw/.config/discord/0.0.27/modules/pending/discord_voice-1.zip: 20%
2023-05-17T09:33:43.883Z [Modules] Streaming discord_voice@1 to /home/oskarw/.config/discord/0.0.27/modules/pending/discord_voice-1.zip: 21%
2023-05-17T09:33:43.889Z [Modules] Streaming discord_voice@1 to /home/oskarw/.config/discord/0.0.27/modules/pending/discord_voice-1.zip: 22%
2023-05-17T09:33:43.894Z [Modules] Streaming discord_voice@1 to /home/oskarw/.config/discord/0.0.27/modules/pending/discord_voice-1.zip: 23%
2023-05-17T09:33:43.896Z [Modules] Streaming discord_voice@1 to /home/oskarw/.config/discord/0.0.27/modules/pending/discord_voice-1.zip: 24%
2023-05-17T09:33:43.909Z [Modules] Streaming discord_voice@1 to /home/oskarw/.config/discord/0.0.27/modules/pending/discord_voice-1.zip: 25%
2023-05-17T09:33:43.915Z [Modules] Streaming discord_voice@1 to /home/oskarw/.config/discord/0.0.27/modules/pending/discord_voice-1.zip: 26%
2023-05-17T09:33:43.924Z [Modules] Streaming discord_voice@1 to /home/oskarw/.config/discord/0.0.27/modules/pending/discord_voice-1.zip: 27%
2023-05-17T09:33:43.932Z [Modules] Streaming discord_voice@1 to /home/oskarw/.config/discord/0.0.27/modules/pending/discord_voice-1.zip: 28%
2023-05-17T09:33:43.937Z [Modules] Streaming discord_voice@1 to /home/oskarw/.config/discord/0.0.27/modules/pending/discord_voice-1.zip: 29%
2023-05-17T09:33:43.947Z [Modules] Streaming discord_voice@1 to /home/oskarw/.config/discord/0.0.27/modules/pending/discord_voice-1.zip: 30%
2023-05-17T09:33:43.955Z [Modules] Streaming discord_voice@1 to /home/oskarw/.config/discord/0.0.27/modules/pending/discord_voice-1.zip: 31%
2023-05-17T09:33:43.960Z [Modules] Streaming discord_voice@1 to /home/oskarw/.config/discord/0.0.27/modules/pending/discord_voice-1.zip: 32%
2023-05-17T09:33:43.969Z [Modules] Streaming discord_voice@1 to /home/oskarw/.config/discord/0.0.27/modules/pending/discord_voice-1.zip: 33%
2023-05-17T09:33:43.979Z [Modules] Streaming discord_voice@1 to /home/oskarw/.config/discord/0.0.27/modules/pending/discord_voice-1.zip: 34%
2023-05-17T09:33:43.983Z [Modules] Streaming discord_voice@1 to /home/oskarw/.config/discord/0.0.27/modules/pending/discord_voice-1.zip: 35%
2023-05-17T09:33:43.991Z [Modules] Streaming discord_voice@1 to /home/oskarw/.config/discord/0.0.27/modules/pending/discord_voice-1.zip: 36%
2023-05-17T09:33:44.002Z [Modules] Streaming discord_voice@1 to /home/oskarw/.config/discord/0.0.27/modules/pending/discord_voice-1.zip: 37%
2023-05-17T09:33:44.006Z [Modules] Streaming discord_voice@1 to /home/oskarw/.config/discord/0.0.27/modules/pending/discord_voice-1.zip: 38%
2023-05-17T09:33:44.014Z [Modules] Streaming discord_voice@1 to /home/oskarw/.config/discord/0.0.27/modules/pending/discord_voice-1.zip: 39%
2023-05-17T09:33:44.025Z [Modules] Streaming discord_voice@1 to /home/oskarw/.config/discord/0.0.27/modules/pending/discord_voice-1.zip: 40%
2023-05-17T09:33:44.027Z [Modules] Streaming discord_voice@1 to /home/oskarw/.config/discord/0.0.27/modules/pending/discord_voice-1.zip: 41%
2023-05-17T09:33:44.033Z [Modules] Streaming discord_voice@1 to /home/oskarw/.config/discord/0.0.27/modules/pending/discord_voice-1.zip: 42%
2023-05-17T09:33:44.043Z [Modules] Streaming discord_voice@1 to /home/oskarw/.config/discord/0.0.27/modules/pending/discord_voice-1.zip: 43%
2023-05-17T09:33:44.048Z [Modules] Streaming discord_voice@1 to /home/oskarw/.config/discord/0.0.27/modules/pending/discord_voice-1.zip: 44%
2023-05-17T09:33:44.052Z [Modules] Streaming discord_voice@1 to /home/oskarw/.config/discord/0.0.27/modules/pending/discord_voice-1.zip: 45%
2023-05-17T09:33:44.063Z [Modules] Streaming discord_voice@1 to /home/oskarw/.config/discord/0.0.27/modules/pending/discord_voice-1.zip: 46%
2023-05-17T09:33:44.067Z [Modules] Streaming discord_voice@1 to /home/oskarw/.config/discord/0.0.27/modules/pending/discord_voice-1.zip: 47%
2023-05-17T09:33:44.072Z [Modules] Streaming discord_voice@1 to /home/oskarw/.config/discord/0.0.27/modules/pending/discord_voice-1.zip: 48%
2023-05-17T09:33:44.081Z [Modules] Streaming discord_voice@1 to /home/oskarw/.config/discord/0.0.27/modules/pending/discord_voice-1.zip: 49%
2023-05-17T09:33:44.084Z [Modules] Streaming discord_voice@1 to /home/oskarw/.config/discord/0.0.27/modules/pending/discord_voice-1.zip: 50%
2023-05-17T09:33:44.095Z [Modules] Streaming discord_voice@1 to /home/oskarw/.config/discord/0.0.27/modules/pending/discord_voice-1.zip: 51%
2023-05-17T09:33:44.101Z [Modules] Streaming discord_voice@1 to /home/oskarw/.config/discord/0.0.27/modules/pending/discord_voice-1.zip: 52%
2023-05-17T09:33:44.104Z [Modules] Streaming discord_voice@1 to /home/oskarw/.config/discord/0.0.27/modules/pending/discord_voice-1.zip: 53%
2023-05-17T09:33:44.115Z [Modules] Streaming discord_voice@1 to /home/oskarw/.config/discord/0.0.27/modules/pending/discord_voice-1.zip: 54%
2023-05-17T09:33:44.119Z [Modules] Streaming discord_voice@1 to /home/oskarw/.config/discord/0.0.27/modules/pending/discord_voice-1.zip: 55%
2023-05-17T09:33:44.122Z [Modules] Streaming discord_voice@1 to /home/oskarw/.config/discord/0.0.27/modules/pending/discord_voice-1.zip: 56%
2023-05-17T09:33:44.129Z [Modules] Streaming discord_voice@1 to /home/oskarw/.config/discord/0.0.27/modules/pending/discord_voice-1.zip: 57%
2023-05-17T09:33:44.131Z [Modules] Streaming discord_voice@1 to /home/oskarw/.config/discord/0.0.27/modules/pending/discord_voice-1.zip: 58%
2023-05-17T09:33:44.133Z [Modules] Streaming discord_voice@1 to /home/oskarw/.config/discord/0.0.27/modules/pending/discord_voice-1.zip: 59%
2023-05-17T09:33:44.138Z [Modules] Streaming discord_voice@1 to /home/oskarw/.config/discord/0.0.27/modules/pending/discord_voice-1.zip: 60%
2023-05-17T09:33:44.141Z [Modules] Streaming discord_voice@1 to /home/oskarw/.config/discord/0.0.27/modules/pending/discord_voice-1.zip: 61%
2023-05-17T09:33:44.143Z [Modules] Streaming discord_voice@1 to /home/oskarw/.config/discord/0.0.27/modules/pending/discord_voice-1.zip: 62%
2023-05-17T09:33:44.149Z [Modules] Streaming discord_voice@1 to /home/oskarw/.config/discord/0.0.27/modules/pending/discord_voice-1.zip: 63%
2023-05-17T09:33:44.152Z [Modules] Streaming discord_voice@1 to /home/oskarw/.config/discord/0.0.27/modules/pending/discord_voice-1.zip: 64%
2023-05-17T09:33:44.155Z [Modules] Streaming discord_voice@1 to /home/oskarw/.config/discord/0.0.27/modules/pending/discord_voice-1.zip: 65%
2023-05-17T09:33:44.160Z [Modules] Streaming discord_voice@1 to /home/oskarw/.config/discord/0.0.27/modules/pending/discord_voice-1.zip: 66%
2023-05-17T09:33:44.163Z [Modules] Streaming discord_voice@1 to /home/oskarw/.config/discord/0.0.27/modules/pending/discord_voice-1.zip: 67%
2023-05-17T09:33:44.165Z [Modules] Streaming discord_voice@1 to /home/oskarw/.config/discord/0.0.27/modules/pending/discord_voice-1.zip: 68%
2023-05-17T09:33:44.169Z [Modules] Streaming discord_voice@1 to /home/oskarw/.config/discord/0.0.27/modules/pending/discord_voice-1.zip: 69%
2023-05-17T09:33:44.174Z [Modules] Streaming discord_voice@1 to /home/oskarw/.config/discord/0.0.27/modules/pending/discord_voice-1.zip: 70%
2023-05-17T09:33:44.176Z [Modules] Streaming discord_voice@1 to /home/oskarw/.config/discord/0.0.27/modules/pending/discord_voice-1.zip: 71%
2023-05-17T09:33:44.181Z [Modules] Streaming discord_voice@1 to /home/oskarw/.config/discord/0.0.27/modules/pending/discord_voice-1.zip: 72%
2023-05-17T09:33:44.185Z [Modules] Streaming discord_voice@1 to /home/oskarw/.config/discord/0.0.27/modules/pending/discord_voice-1.zip: 73%
2023-05-17T09:33:44.189Z [Modules] Streaming discord_voice@1 to /home/oskarw/.config/discord/0.0.27/modules/pending/discord_voice-1.zip: 74%
2023-05-17T09:33:44.192Z [Modules] Streaming discord_voice@1 to /home/oskarw/.config/discord/0.0.27/modules/pending/discord_voice-1.zip: 75%
2023-05-17T09:33:44.196Z [Modules] Streaming discord_voice@1 to /home/oskarw/.config/discord/0.0.27/modules/pending/discord_voice-1.zip: 76%
2023-05-17T09:33:44.200Z [Modules] Streaming discord_voice@1 to /home/oskarw/.config/discord/0.0.27/modules/pending/discord_voice-1.zip: 77%
2023-05-17T09:33:44.202Z [Modules] Streaming discord_voice@1 to /home/oskarw/.config/discord/0.0.27/modules/pending/discord_voice-1.zip: 78%
2023-05-17T09:33:44.207Z [Modules] Streaming discord_voice@1 to /home/oskarw/.config/discord/0.0.27/modules/pending/discord_voice-1.zip: 79%
2023-05-17T09:33:44.210Z [Modules] Streaming discord_voice@1 to /home/oskarw/.config/discord/0.0.27/modules/pending/discord_voice-1.zip: 80%
2023-05-17T09:33:44.213Z [Modules] Streaming discord_voice@1 to /home/oskarw/.config/discord/0.0.27/modules/pending/discord_voice-1.zip: 81%
2023-05-17T09:33:44.217Z [Modules] Streaming discord_voice@1 to /home/oskarw/.config/discord/0.0.27/modules/pending/discord_voice-1.zip: 82%
2023-05-17T09:33:44.221Z [Modules] Streaming discord_voice@1 to /home/oskarw/.config/discord/0.0.27/modules/pending/discord_voice-1.zip: 83%
2023-05-17T09:33:44.226Z [Modules] Streaming discord_voice@1 to /home/oskarw/.config/discord/0.0.27/modules/pending/discord_voice-1.zip: 84%
2023-05-17T09:33:44.228Z [Modules] Streaming discord_voice@1 to /home/oskarw/.config/discord/0.0.27/modules/pending/discord_voice-1.zip: 85%
2023-05-17T09:33:44.233Z [Modules] Streaming discord_voice@1 to /home/oskarw/.config/discord/0.0.27/modules/pending/discord_voice-1.zip: 86%
2023-05-17T09:33:44.235Z [Modules] Streaming discord_voice@1 to /home/oskarw/.config/discord/0.0.27/modules/pending/discord_voice-1.zip: 87%
2023-05-17T09:33:44.239Z [Modules] Streaming discord_voice@1 to /home/oskarw/.config/discord/0.0.27/modules/pending/discord_voice-1.zip: 88%
2023-05-17T09:33:44.244Z [Modules] Streaming discord_voice@1 to /home/oskarw/.config/discord/0.0.27/modules/pending/discord_voice-1.zip: 89%
2023-05-17T09:33:44.246Z [Modules] Streaming discord_voice@1 to /home/oskarw/.config/discord/0.0.27/modules/pending/discord_voice-1.zip: 90%
2023-05-17T09:33:44.251Z [Modules] Streaming discord_voice@1 to /home/oskarw/.config/discord/0.0.27/modules/pending/discord_voice-1.zip: 91%
2023-05-17T09:33:44.254Z [Modules] Streaming discord_voice@1 to /home/oskarw/.config/discord/0.0.27/modules/pending/discord_voice-1.zip: 92%
2023-05-17T09:33:44.257Z [Modules] Streaming discord_voice@1 to /home/oskarw/.config/discord/0.0.27/modules/pending/discord_voice-1.zip: 93%
2023-05-17T09:33:44.260Z [Modules] Streaming discord_voice@1 to /home/oskarw/.config/discord/0.0.27/modules/pending/discord_voice-1.zip: 94%
2023-05-17T09:33:44.262Z [Modules] Streaming discord_voice@1 to /home/oskarw/.config/discord/0.0.27/modules/pending/discord_voice-1.zip: 95%
2023-05-17T09:33:44.265Z [Modules] Streaming discord_voice@1 to /home/oskarw/.config/discord/0.0.27/modules/pending/discord_voice-1.zip: 96%
2023-05-17T09:33:44.267Z [Modules] Streaming discord_voice@1 to /home/oskarw/.config/discord/0.0.27/modules/pending/discord_voice-1.zip: 97%
2023-05-17T09:33:44.270Z [Modules] Streaming discord_voice@1 to /home/oskarw/.config/discord/0.0.27/modules/pending/discord_voice-1.zip: 98%
2023-05-17T09:33:44.275Z [Modules] Streaming discord_voice@1 to /home/oskarw/.config/discord/0.0.27/modules/pending/discord_voice-1.zip: 99%
2023-05-17T09:33:44.278Z [Modules] Streaming discord_voice@1 to /home/oskarw/.config/discord/0.0.27/modules/pending/discord_voice-1.zip: 100%
2023-05-17T09:33:44.281Z [Modules] Finished module downloads. [success: 5] [failure: 0]
2023-05-17T09:33:44.281Z [Modules] Installing updates...
2023-05-17T09:33:44.281Z [Modules] Installing discord_desktop_core@1 from /home/oskarw/.config/discord/0.0.27/modules/pending/discord_desktop_core-1.zip
2023-05-17T09:33:44.423Z [Modules] Installing discord_erlpack@1 from /home/oskarw/.config/discord/0.0.27/modules/pending/discord_erlpack-1.zip
2023-05-17T09:33:44.564Z [Modules] Installing discord_spellcheck@1 from /home/oskarw/.config/discord/0.0.27/modules/pending/discord_spellcheck-1.zip
2023-05-17T09:33:45.896Z [Modules] Installing discord_utils@1 from /home/oskarw/.config/discord/0.0.27/modules/pending/discord_utils-1.zip
2023-05-17T09:33:46.562Z [Modules] Installing discord_voice@1 from /home/oskarw/.config/discord/0.0.27/modules/pending/discord_voice-1.zip
2023-05-17T09:33:47.917Z [Modules] Finished module installations. [success: 5] [failure: 0]
2023-05-17T09:33:47.917Z [Modules] Checking for host updates.
2023-05-17T09:33:48.079Z [Modules] Host is up to date.
2023-05-17T09:33:48.079Z [Modules] Checking for module updates at https://discord.com/api/modules/stable/versions.json
2023-05-17T09:33:48.084Z [Modules] No module updates available.
2023-05-17T09:33:55.453Z [Modules] Starting to install discord_krisp...
2023-05-17T09:33:55.453Z [Modules] Fetching discord_krisp@1 from https://discord.com/api/modules/stable/discord_krisp/1
2023-05-17T09:33:55.453Z [Modules] Streaming discord_krisp@1 to /home/oskarw/.config/discord/0.0.27/modules/pending/discord_krisp-1.zip
2023-05-17T09:33:55.614Z [Modules] Streaming discord_krisp@1 to /home/oskarw/.config/discord/0.0.27/modules/pending/discord_krisp-1.zip: 1%
2023-05-17T09:33:55.617Z [Modules] Streaming discord_krisp@1 to /home/oskarw/.config/discord/0.0.27/modules/pending/discord_krisp-1.zip: 2%
2023-05-17T09:33:55.622Z [Modules] Streaming discord_krisp@1 to /home/oskarw/.config/discord/0.0.27/modules/pending/discord_krisp-1.zip: 3%
2023-05-17T09:33:55.625Z [Modules] Streaming discord_krisp@1 to /home/oskarw/.config/discord/0.0.27/modules/pending/discord_krisp-1.zip: 4%
2023-05-17T09:33:55.630Z [Modules] Streaming discord_krisp@1 to /home/oskarw/.config/discord/0.0.27/modules/pending/discord_krisp-1.zip: 5%
2023-05-17T09:33:55.634Z [Modules] Streaming discord_krisp@1 to /home/oskarw/.config/discord/0.0.27/modules/pending/discord_krisp-1.zip: 6%
2023-05-17T09:33:55.641Z [Modules] Streaming discord_krisp@1 to /home/oskarw/.config/discord/0.0.27/modules/pending/discord_krisp-1.zip: 7%
2023-05-17T09:33:55.645Z [Modules] Streaming discord_krisp@1 to /home/oskarw/.config/discord/0.0.27/modules/pending/discord_krisp-1.zip: 8%
2023-05-17T09:33:55.649Z [Modules] Streaming discord_krisp@1 to /home/oskarw/.config/discord/0.0.27/modules/pending/discord_krisp-1.zip: 9%
2023-05-17T09:33:55.651Z [Modules] Streaming discord_krisp@1 to /home/oskarw/.config/discord/0.0.27/modules/pending/discord_krisp-1.zip: 10%
2023-05-17T09:33:55.654Z [Modules] Streaming discord_krisp@1 to /home/oskarw/.config/discord/0.0.27/modules/pending/discord_krisp-1.zip: 11%
2023-05-17T09:33:55.658Z [Modules] Streaming discord_krisp@1 to /home/oskarw/.config/discord/0.0.27/modules/pending/discord_krisp-1.zip: 12%
2023-05-17T09:33:55.660Z [Modules] Streaming discord_krisp@1 to /home/oskarw/.config/discord/0.0.27/modules/pending/discord_krisp-1.zip: 13%
2023-05-17T09:33:55.667Z [Modules] Streaming discord_krisp@1 to /home/oskarw/.config/discord/0.0.27/modules/pending/discord_krisp-1.zip: 14%
2023-05-17T09:33:55.670Z [Modules] Streaming discord_krisp@1 to /home/oskarw/.config/discord/0.0.27/modules/pending/discord_krisp-1.zip: 15%
2023-05-17T09:33:55.677Z [Modules] Streaming discord_krisp@1 to /home/oskarw/.config/discord/0.0.27/modules/pending/discord_krisp-1.zip: 16%
2023-05-17T09:33:55.682Z [Modules] Streaming discord_krisp@1 to /home/oskarw/.config/discord/0.0.27/modules/pending/discord_krisp-1.zip: 17%
2023-05-17T09:33:55.685Z [Modules] Streaming discord_krisp@1 to /home/oskarw/.config/discord/0.0.27/modules/pending/discord_krisp-1.zip: 18%
2023-05-17T09:33:55.691Z [Modules] Streaming discord_krisp@1 to /home/oskarw/.config/discord/0.0.27/modules/pending/discord_krisp-1.zip: 19%
2023-05-17T09:33:55.695Z [Modules] Streaming discord_krisp@1 to /home/oskarw/.config/discord/0.0.27/modules/pending/discord_krisp-1.zip: 20%
2023-05-17T09:33:55.698Z [Modules] Streaming discord_krisp@1 to /home/oskarw/.config/discord/0.0.27/modules/pending/discord_krisp-1.zip: 21%
2023-05-17T09:33:55.708Z [Modules] Streaming discord_krisp@1 to /home/oskarw/.config/discord/0.0.27/modules/pending/discord_krisp-1.zip: 22%
2023-05-17T09:33:55.712Z [Modules] Streaming discord_krisp@1 to /home/oskarw/.config/discord/0.0.27/modules/pending/discord_krisp-1.zip: 23%
2023-05-17T09:33:55.718Z [Modules] Streaming discord_krisp@1 to /home/oskarw/.config/discord/0.0.27/modules/pending/discord_krisp-1.zip: 24%
2023-05-17T09:33:55.723Z [Modules] Streaming discord_krisp@1 to /home/oskarw/.config/discord/0.0.27/modules/pending/discord_krisp-1.zip: 25%
2023-05-17T09:33:55.732Z [Modules] Streaming discord_krisp@1 to /home/oskarw/.config/discord/0.0.27/modules/pending/discord_krisp-1.zip: 26%
2023-05-17T09:33:55.735Z [Modules] Streaming discord_krisp@1 to /home/oskarw/.config/discord/0.0.27/modules/pending/discord_krisp-1.zip: 27%
2023-05-17T09:33:55.747Z [Modules] Streaming discord_krisp@1 to /home/oskarw/.config/discord/0.0.27/modules/pending/discord_krisp-1.zip: 28%
2023-05-17T09:33:55.750Z [Modules] Streaming discord_krisp@1 to /home/oskarw/.config/discord/0.0.27/modules/pending/discord_krisp-1.zip: 29%
2023-05-17T09:33:55.756Z [Modules] Streaming discord_krisp@1 to /home/oskarw/.config/discord/0.0.27/modules/pending/discord_krisp-1.zip: 30%
2023-05-17T09:33:55.766Z [Modules] Streaming discord_krisp@1 to /home/oskarw/.config/discord/0.0.27/modules/pending/discord_krisp-1.zip: 31%
2023-05-17T09:33:55.767Z [Modules] Starting to install discord_game_utils...
2023-05-17T09:33:55.771Z [Modules] Streaming discord_krisp@1 to /home/oskarw/.config/discord/0.0.27/modules/pending/discord_krisp-1.zip: 32%
2023-05-17T09:33:55.779Z [Modules] Streaming discord_krisp@1 to /home/oskarw/.config/discord/0.0.27/modules/pending/discord_krisp-1.zip: 33%
2023-05-17T09:33:55.783Z [Modules] Streaming discord_krisp@1 to /home/oskarw/.config/discord/0.0.27/modules/pending/discord_krisp-1.zip: 34%
2023-05-17T09:33:55.791Z [Modules] Streaming discord_krisp@1 to /home/oskarw/.config/discord/0.0.27/modules/pending/discord_krisp-1.zip: 35%
2023-05-17T09:33:55.795Z [Modules] Streaming discord_krisp@1 to /home/oskarw/.config/discord/0.0.27/modules/pending/discord_krisp-1.zip: 36%
2023-05-17T09:33:55.800Z [Modules] Streaming discord_krisp@1 to /home/oskarw/.config/discord/0.0.27/modules/pending/discord_krisp-1.zip: 37%
2023-05-17T09:33:55.804Z [Modules] Streaming discord_krisp@1 to /home/oskarw/.config/discord/0.0.27/modules/pending/discord_krisp-1.zip: 38%
2023-05-17T09:33:55.810Z [Modules] Streaming discord_krisp@1 to /home/oskarw/.config/discord/0.0.27/modules/pending/discord_krisp-1.zip: 39%
2023-05-17T09:33:55.815Z [Modules] Streaming discord_krisp@1 to /home/oskarw/.config/discord/0.0.27/modules/pending/discord_krisp-1.zip: 40%
2023-05-17T09:33:55.819Z [Modules] Streaming discord_krisp@1 to /home/oskarw/.config/discord/0.0.27/modules/pending/discord_krisp-1.zip: 41%
2023-05-17T09:33:55.827Z [Modules] Streaming discord_krisp@1 to /home/oskarw/.config/discord/0.0.27/modules/pending/discord_krisp-1.zip: 42%
2023-05-17T09:33:55.840Z [Modules] Streaming discord_krisp@1 to /home/oskarw/.config/discord/0.0.27/modules/pending/discord_krisp-1.zip: 43%
2023-05-17T09:33:55.846Z [Modules] Streaming discord_krisp@1 to /home/oskarw/.config/discord/0.0.27/modules/pending/discord_krisp-1.zip: 44%
2023-05-17T09:33:55.859Z [Modules] Streaming discord_krisp@1 to /home/oskarw/.config/discord/0.0.27/modules/pending/discord_krisp-1.zip: 45%
2023-05-17T09:33:55.863Z [Modules] Streaming discord_krisp@1 to /home/oskarw/.config/discord/0.0.27/modules/pending/discord_krisp-1.zip: 46%
2023-05-17T09:33:55.872Z [Modules] Streaming discord_krisp@1 to /home/oskarw/.config/discord/0.0.27/modules/pending/discord_krisp-1.zip: 47%
2023-05-17T09:33:55.878Z [Modules] Streaming discord_krisp@1 to /home/oskarw/.config/discord/0.0.27/modules/pending/discord_krisp-1.zip: 48%
2023-05-17T09:33:55.885Z [Modules] Streaming discord_krisp@1 to /home/oskarw/.config/discord/0.0.27/modules/pending/discord_krisp-1.zip: 49%
2023-05-17T09:33:55.898Z [Modules] Streaming discord_krisp@1 to /home/oskarw/.config/discord/0.0.27/modules/pending/discord_krisp-1.zip: 50%
2023-05-17T09:33:55.906Z [Modules] Streaming discord_krisp@1 to /home/oskarw/.config/discord/0.0.27/modules/pending/discord_krisp-1.zip: 51%
2023-05-17T09:33:55.915Z [Modules] Streaming discord_krisp@1 to /home/oskarw/.config/discord/0.0.27/modules/pending/discord_krisp-1.zip: 52%
2023-05-17T09:33:55.919Z [Modules] Streaming discord_krisp@1 to /home/oskarw/.config/discord/0.0.27/modules/pending/discord_krisp-1.zip: 53%
2023-05-17T09:33:55.925Z [Modules] Streaming discord_krisp@1 to /home/oskarw/.config/discord/0.0.27/modules/pending/discord_krisp-1.zip: 54%
2023-05-17T09:33:55.934Z [Modules] Streaming discord_krisp@1 to /home/oskarw/.config/discord/0.0.27/modules/pending/discord_krisp-1.zip: 55%
2023-05-17T09:33:55.937Z [Modules] Streaming discord_krisp@1 to /home/oskarw/.config/discord/0.0.27/modules/pending/discord_krisp-1.zip: 56%
2023-05-17T09:33:55.945Z [Modules] Streaming discord_krisp@1 to /home/oskarw/.config/discord/0.0.27/modules/pending/discord_krisp-1.zip: 57%
2023-05-17T09:33:55.948Z [Modules] Streaming discord_krisp@1 to /home/oskarw/.config/discord/0.0.27/modules/pending/discord_krisp-1.zip: 58%
2023-05-17T09:33:55.964Z [Modules] Streaming discord_krisp@1 to /home/oskarw/.config/discord/0.0.27/modules/pending/discord_krisp-1.zip: 59%
2023-05-17T09:33:55.970Z [Modules] Streaming discord_krisp@1 to /home/oskarw/.config/discord/0.0.27/modules/pending/discord_krisp-1.zip: 60%
2023-05-17T09:33:55.989Z [Modules] Streaming discord_krisp@1 to /home/oskarw/.config/discord/0.0.27/modules/pending/discord_krisp-1.zip: 61%
2023-05-17T09:33:55.993Z [Modules] Streaming discord_krisp@1 to /home/oskarw/.config/discord/0.0.27/modules/pending/discord_krisp-1.zip: 63%
2023-05-17T09:33:56.003Z [Modules] Streaming discord_krisp@1 to /home/oskarw/.config/discord/0.0.27/modules/pending/discord_krisp-1.zip: 64%
2023-05-17T09:33:56.039Z [Modules] Streaming discord_krisp@1 to /home/oskarw/.config/discord/0.0.27/modules/pending/discord_krisp-1.zip: 65%
2023-05-17T09:33:56.048Z [Modules] Streaming discord_krisp@1 to /home/oskarw/.config/discord/0.0.27/modules/pending/discord_krisp-1.zip: 68%
2023-05-17T09:33:56.053Z [Modules] Streaming discord_krisp@1 to /home/oskarw/.config/discord/0.0.27/modules/pending/discord_krisp-1.zip: 69%
2023-05-17T09:33:56.061Z [Modules] Streaming discord_krisp@1 to /home/oskarw/.config/discord/0.0.27/modules/pending/discord_krisp-1.zip: 70%
2023-05-17T09:33:56.072Z [Modules] Streaming discord_krisp@1 to /home/oskarw/.config/discord/0.0.27/modules/pending/discord_krisp-1.zip: 71%
2023-05-17T09:33:56.077Z [Modules] Streaming discord_krisp@1 to /home/oskarw/.config/discord/0.0.27/modules/pending/discord_krisp-1.zip: 72%
2023-05-17T09:33:56.097Z [Modules] Streaming discord_krisp@1 to /home/oskarw/.config/discord/0.0.27/modules/pending/discord_krisp-1.zip: 73%
2023-05-17T09:33:56.100Z [Modules] Streaming discord_krisp@1 to /home/oskarw/.config/discord/0.0.27/modules/pending/discord_krisp-1.zip: 74%
2023-05-17T09:33:56.116Z [Modules] Streaming discord_krisp@1 to /home/oskarw/.config/discord/0.0.27/modules/pending/discord_krisp-1.zip: 75%
2023-05-17T09:33:56.121Z [Modules] Streaming discord_krisp@1 to /home/oskarw/.config/discord/0.0.27/modules/pending/discord_krisp-1.zip: 76%
2023-05-17T09:33:56.134Z [Modules] Streaming discord_krisp@1 to /home/oskarw/.config/discord/0.0.27/modules/pending/discord_krisp-1.zip: 77%
2023-05-17T09:33:56.144Z [Modules] Streaming discord_krisp@1 to /home/oskarw/.config/discord/0.0.27/modules/pending/discord_krisp-1.zip: 78%
2023-05-17T09:33:56.153Z [Modules] Streaming discord_krisp@1 to /home/oskarw/.config/discord/0.0.27/modules/pending/discord_krisp-1.zip: 79%
2023-05-17T09:33:56.161Z [Modules] Streaming discord_krisp@1 to /home/oskarw/.config/discord/0.0.27/modules/pending/discord_krisp-1.zip: 80%
2023-05-17T09:33:56.172Z [Modules] Streaming discord_krisp@1 to /home/oskarw/.config/discord/0.0.27/modules/pending/discord_krisp-1.zip: 81%
2023-05-17T09:33:56.179Z [Modules] Streaming discord_krisp@1 to /home/oskarw/.config/discord/0.0.27/modules/pending/discord_krisp-1.zip: 82%
2023-05-17T09:33:56.187Z [Modules] Streaming discord_krisp@1 to /home/oskarw/.config/discord/0.0.27/modules/pending/discord_krisp-1.zip: 83%
2023-05-17T09:33:56.192Z [Modules] Streaming discord_krisp@1 to /home/oskarw/.config/discord/0.0.27/modules/pending/discord_krisp-1.zip: 84%
2023-05-17T09:33:56.198Z [Modules] Streaming discord_krisp@1 to /home/oskarw/.config/discord/0.0.27/modules/pending/discord_krisp-1.zip: 85%
2023-05-17T09:33:56.206Z [Modules] Streaming discord_krisp@1 to /home/oskarw/.config/discord/0.0.27/modules/pending/discord_krisp-1.zip: 86%
2023-05-17T09:33:56.213Z [Modules] Streaming discord_krisp@1 to /home/oskarw/.config/discord/0.0.27/modules/pending/discord_krisp-1.zip: 87%
2023-05-17T09:33:56.229Z [Modules] Streaming discord_krisp@1 to /home/oskarw/.config/discord/0.0.27/modules/pending/discord_krisp-1.zip: 88%
2023-05-17T09:33:56.312Z [Modules] Streaming discord_krisp@1 to /home/oskarw/.config/discord/0.0.27/modules/pending/discord_krisp-1.zip: 89%
2023-05-17T09:33:56.359Z [Modules] Streaming discord_krisp@1 to /home/oskarw/.config/discord/0.0.27/modules/pending/discord_krisp-1.zip: 90%
2023-05-17T09:33:56.371Z [Modules] Streaming discord_krisp@1 to /home/oskarw/.config/discord/0.0.27/modules/pending/discord_krisp-1.zip: 91%
2023-05-17T09:33:56.389Z [Modules] Streaming discord_krisp@1 to /home/oskarw/.config/discord/0.0.27/modules/pending/discord_krisp-1.zip: 92%
2023-05-17T09:33:56.397Z [Modules] Streaming discord_krisp@1 to /home/oskarw/.config/discord/0.0.27/modules/pending/discord_krisp-1.zip: 93%
2023-05-17T09:33:56.405Z [Modules] Streaming discord_krisp@1 to /home/oskarw/.config/discord/0.0.27/modules/pending/discord_krisp-1.zip: 94%
2023-05-17T09:33:56.411Z [Modules] Streaming discord_krisp@1 to /home/oskarw/.config/discord/0.0.27/modules/pending/discord_krisp-1.zip: 95%
2023-05-17T09:33:56.416Z [Modules] Streaming discord_krisp@1 to /home/oskarw/.config/discord/0.0.27/modules/pending/discord_krisp-1.zip: 96%
2023-05-17T09:33:56.422Z [Modules] Streaming discord_krisp@1 to /home/oskarw/.config/discord/0.0.27/modules/pending/discord_krisp-1.zip: 97%
2023-05-17T09:33:56.427Z [Modules] Streaming discord_krisp@1 to /home/oskarw/.config/discord/0.0.27/modules/pending/discord_krisp-1.zip: 98%
2023-05-17T09:33:56.433Z [Modules] Streaming discord_krisp@1 to /home/oskarw/.config/discord/0.0.27/modules/pending/discord_krisp-1.zip: 99%
2023-05-17T09:33:56.436Z [Modules] Streaming discord_krisp@1 to /home/oskarw/.config/discord/0.0.27/modules/pending/discord_krisp-1.zip: 100%
2023-05-17T09:33:56.438Z [Modules] Fetching discord_game_utils@1 from https://discord.com/api/modules/stable/discord_game_utils/1
2023-05-17T09:33:56.439Z [Modules] Streaming discord_game_utils@1 to /home/oskarw/.config/discord/0.0.27/modules/pending/discord_game_utils-1.zip
2023-05-17T09:33:56.439Z [Modules] Installing discord_krisp@1 from /home/oskarw/.config/discord/0.0.27/modules/pending/discord_krisp-1.zip
2023-05-17T09:33:56.701Z [Modules] Streaming discord_game_utils@1 to /home/oskarw/.config/discord/0.0.27/modules/pending/discord_game_utils-1.zip: 2%
2023-05-17T09:33:56.754Z [Modules] Streaming discord_game_utils@1 to /home/oskarw/.config/discord/0.0.27/modules/pending/discord_game_utils-1.zip: 3%
2023-05-17T09:33:56.755Z [Modules] Streaming discord_game_utils@1 to /home/oskarw/.config/discord/0.0.27/modules/pending/discord_game_utils-1.zip: 5%
2023-05-17T09:33:56.774Z [Modules] Streaming discord_game_utils@1 to /home/oskarw/.config/discord/0.0.27/modules/pending/discord_game_utils-1.zip: 11%
2023-05-17T09:33:56.783Z [Modules] Streaming discord_game_utils@1 to /home/oskarw/.config/discord/0.0.27/modules/pending/discord_game_utils-1.zip: 16%
2023-05-17T09:33:56.790Z [Modules] Streaming discord_game_utils@1 to /home/oskarw/.config/discord/0.0.27/modules/pending/discord_game_utils-1.zip: 21%
2023-05-17T09:33:56.796Z [Modules] Streaming discord_game_utils@1 to /home/oskarw/.config/discord/0.0.27/modules/pending/discord_game_utils-1.zip: 27%
2023-05-17T09:33:56.802Z [Modules] Streaming discord_game_utils@1 to /home/oskarw/.config/discord/0.0.27/modules/pending/discord_game_utils-1.zip: 32%
2023-05-17T09:33:56.807Z [Modules] Streaming discord_game_utils@1 to /home/oskarw/.config/discord/0.0.27/modules/pending/discord_game_utils-1.zip: 37%
2023-05-17T09:33:56.812Z [Modules] Streaming discord_game_utils@1 to /home/oskarw/.config/discord/0.0.27/modules/pending/discord_game_utils-1.zip: 40%
2023-05-17T09:33:56.812Z [Modules] Streaming discord_game_utils@1 to /home/oskarw/.config/discord/0.0.27/modules/pending/discord_game_utils-1.zip: 43%
2023-05-17T09:33:56.815Z [Modules] Streaming discord_game_utils@1 to /home/oskarw/.config/discord/0.0.27/modules/pending/discord_game_utils-1.zip: 45%
2023-05-17T09:33:56.815Z [Modules] Streaming discord_game_utils@1 to /home/oskarw/.config/discord/0.0.27/modules/pending/discord_game_utils-1.zip: 48%
2023-05-17T09:33:56.819Z [Modules] Streaming discord_game_utils@1 to /home/oskarw/.config/discord/0.0.27/modules/pending/discord_game_utils-1.zip: 53%
2023-05-17T09:33:56.824Z [Modules] Streaming discord_game_utils@1 to /home/oskarw/.config/discord/0.0.27/modules/pending/discord_game_utils-1.zip: 58%
2023-05-17T09:33:56.825Z [Modules] Streaming discord_game_utils@1 to /home/oskarw/.config/discord/0.0.27/modules/pending/discord_game_utils-1.zip: 64%
2023-05-17T09:33:56.827Z [Modules] Streaming discord_game_utils@1 to /home/oskarw/.config/discord/0.0.27/modules/pending/discord_game_utils-1.zip: 69%
2023-05-17T09:33:56.828Z [Modules] Streaming discord_game_utils@1 to /home/oskarw/.config/discord/0.0.27/modules/pending/discord_game_utils-1.zip: 72%
2023-05-17T09:33:56.829Z [Modules] Streaming discord_game_utils@1 to /home/oskarw/.config/discord/0.0.27/modules/pending/discord_game_utils-1.zip: 74%
2023-05-17T09:33:56.844Z [Modules] Streaming discord_game_utils@1 to /home/oskarw/.config/discord/0.0.27/modules/pending/discord_game_utils-1.zip: 84%
2023-05-17T09:33:56.846Z [Modules] Streaming discord_game_utils@1 to /home/oskarw/.config/discord/0.0.27/modules/pending/discord_game_utils-1.zip: 100%
2023-05-17T09:33:56.851Z [Modules] Finished module downloads. [success: 2] [failure: 0]
2023-05-17T09:33:57.614Z [Modules] Installing discord_game_utils@1 from /home/oskarw/.config/discord/0.0.27/modules/pending/discord_game_utils-1.zip
2023-05-17T09:33:57.747Z [Modules] Finished module installations. [success: 2] [failure: 0]
2023-05-17T09:33:58.030Z [Modules] Checking for host updates.
2023-05-17T09:33:58.182Z [Modules] Host is up to date.
2023-05-17T09:33:58.182Z [Modules] Checking for module updates at https://discord.com/api/modules/stable/versions.json
2023-05-17T09:33:58.187Z [Modules] No module updates available.
2023-05-17T09:33:58.630Z [Modules] Starting to install discord_rpc...
2023-05-17T09:33:58.631Z [Modules] Fetching discord_rpc@1 from https://discord.com/api/modules/stable/discord_rpc/1
2023-05-17T09:33:58.631Z [Modules] Streaming discord_rpc@1 to /home/oskarw/.config/discord/0.0.27/modules/pending/discord_rpc-1.zip
2023-05-17T09:33:58.802Z [Modules] Streaming discord_rpc@1 to /home/oskarw/.config/discord/0.0.27/modules/pending/discord_rpc-1.zip: 100%
2023-05-17T09:33:58.804Z [Modules] Finished module downloads. [success: 1] [failure: 0]
2023-05-17T09:33:58.804Z [Modules] Installing discord_rpc@1 from /home/oskarw/.config/discord/0.0.27/modules/pending/discord_rpc-1.zip
2023-05-17T09:33:58.851Z [Modules] Finished module installations. [success: 1] [failure: 0]
