{"level":30,"time":"2023-05-25T10:36:04.449Z","msg":"app.ready: preferred system locales: en-GB, en"}
{"level":30,"time":"2023-05-25T10:36:04.452Z","msg":"locale: Supported locales: af-ZA, ar, az-AZ, bg-BG, bn-BD, bs-BA, ca, cs, da, de, el, en, es, et-EE, eu, fa-IR, fi, fr, ga-IE, gl-ES, gu-IN, he, hi-IN, hr-HR, hu, id, it, ja, ka-GE, kk-KZ, km-KH, kn-IN, ko, ky-KG, lt-LT, lv-LV, mk-MK, ml-IN, mr-IN, ms, my, nb, nl, pa-IN, pl, pt-BR, pt-PT, ro-RO, ru, sk-SK, sl-SI, sq-AL, sr, sv, sw, ta-IN, te-IN, th, tl-PH, tr, ug, uk-UA, ur, vi, yue, zh-CN, zh-HK, zh-Hant"}
{"level":30,"time":"2023-05-25T10:36:04.452Z","msg":"locale: Preferred locales:  en-GB, en"}
{"level":30,"time":"2023-05-25T10:36:04.457Z","msg":"locale: Matched locale: en"}
{"level":30,"time":"2023-05-25T10:36:04.545Z","msg":"locale: Text info direction for en: ltr"}
{"level":30,"time":"2023-05-25T10:36:04.546Z","msg":"app ready"}
{"level":30,"time":"2023-05-25T10:36:04.547Z","msg":"starting version 6.18.1"}
{"level":30,"time":"2023-05-25T10:36:04.547Z","msg":"media access status [object Undefined] [object Undefined]"}
{"level":30,"time":"2023-05-25T10:36:04.548Z","msg":"got fast theme-setting value system"}
{"level":30,"time":"2023-05-25T10:36:04.550Z","msg":"got fast theme-setting value system"}
{"level":30,"time":"2023-05-25T10:36:04.551Z","msg":"got fast spellcheck setting true"}
{"level":30,"time":"2023-05-25T10:36:04.552Z","msg":"getSystemTraySetting had no flags and did no DB lookups. Returning DoNotUseSystemTray"}
{"level":30,"time":"2023-05-25T10:36:04.553Z","msg":"Initializing BrowserWindow config: {\"show\":false,\"width\":800,\"height\":610,\"minWidth\":300,\"minHeight\":200,\"autoHideMenuBar\":false,\"titleBarStyle\":\"default\",\"titleBarOverlay\":false,\"backgroundColor\":\"#121212\",\"webPreferences\":{\"devTools\":false,\"spellcheck\":true,\"enableBlinkFeatures\":\"CSSPseudoDir,CSSLogical\",\"nodeIntegration\":false,\"nodeIntegrationInWorker\":false,\"sandbox\":false,\"contextIsolation\":true,\"preload\":\"[REDACTED]/preload.bundle.js\",\"backgroundThrottling\":true,\"enablePreferredSizeMode\":true,\"disableBlinkFeatures\":\"Accelerated2dCanvas,AcceleratedSmallCanvases\"},\"icon\":\"[REDACTED]/images/signal-logo-desktop-linux.png\",\"x\":564,\"y\":246}"}
{"level":30,"time":"2023-05-25T10:36:04.601Z","msg":"spellcheck: user locales: [\"en-GB\",\"en\"]"}
{"level":30,"time":"2023-05-25T10:36:04.601Z","msg":"spellcheck: available spellchecker languages: [\"af\",\"bg\",\"ca\",\"cs\",\"cy\",\"da\",\"de\",\"de-DE\",\"el\",\"en\",\"en-AU\",\"en-CA\",\"en-GB\",\"en-GB-oxendict\",\"en-US\",\"es\",\"es-419\",\"es-AR\",\"es-ES\",\"es-MX\",\"es-US\",\"et\",\"fa\",\"fo\",\"fr\",\"fr-FR\",\"he\",\"hi\",\"hr\",\"hu\",\"hy\",\"id\",\"it\",\"it-IT\",\"ko\",\"lt\",\"lv\",\"nb\",\"nl\",\"pl\",\"pt\",\"pt-BR\",\"pt-PT\",\"ro\",\"ru\",\"sh\",\"sk\",\"sl\",\"sq\",\"sr\",\"sv\",\"ta\",\"tg\",\"tr\",\"uk\",\"vi\"]"}
{"level":30,"time":"2023-05-25T10:36:04.601Z","msg":"spellcheck: setting languages to: [\"en-GB\",\"en\"]"}
{"level":30,"time":"2023-05-25T10:36:04.614Z","msg":"MainSQL: updateSchema:\n  Current user_version: 81;\n  Most recent db schema: 81;\n  SQLite version: 3.39.4;\n  SQLCipher version: 4.5.3 community;\n  (deprecated) schema_version: 357;\n"}
{"level":30,"time":"2023-05-25T10:36:05.248Z","msg":"got fast theme-setting value system"}
{"level":30,"time":"2023-05-25T10:36:06.495Z","msg":"got fast spellcheck setting true"}
{"level":30,"time":"2023-05-25T10:36:06.505Z","msg":"System tray service: created"}
{"level":30,"time":"2023-05-25T10:36:06.505Z","msg":"System tray service: updating main window. Previously, there was not a window, and now there is"}
{"level":30,"time":"2023-05-25T10:36:06.505Z","msg":"System tray service: rendering no tray"}
{"level":30,"time":"2023-05-25T10:36:06.506Z","msg":"Begin ensuring permissions"}
{"level":30,"time":"2023-05-25T10:36:06.506Z","msg":"main window is ready-to-show"}
{"level":30,"time":"2023-05-25T10:36:06.507Z","msg":"showing main window"}
{"level":30,"time":"2023-05-25T10:36:06.524Z","msg":"System tray service: rendering no tray"}
{"level":30,"time":"2023-05-25T10:36:06.537Z","msg":"Ensuring file permissions for 4 files"}
{"level":30,"time":"2023-05-25T10:36:06.540Z","msg":"Finish ensuring permissions in 34ms"}
{"level":30,"time":"2023-05-25T10:36:06.625Z","msg":"deleteAllBadges: deleted 0 files"}
{"level":30,"time":"2023-05-25T10:36:06.656Z","msg":"MainSQL: removeKnownStickers: About to iterate through 264 stickers"}
{"level":30,"time":"2023-05-25T10:36:06.657Z","msg":"MainSQL: removeKnownStickers: Done processing 264 stickers"}
{"level":30,"time":"2023-05-25T10:36:06.658Z","msg":"deleteAllStickers: deleted 0 files"}
{"level":30,"time":"2023-05-25T10:36:06.659Z","msg":"MainSQL: removeKnownDraftAttachments: About to iterate through 15 conversations"}
{"level":30,"time":"2023-05-25T10:36:06.660Z","msg":"MainSQL: removeKnownDraftAttachments: Done processing 15 conversations"}
{"level":30,"time":"2023-05-25T10:36:06.661Z","msg":"deleteAllDraftAttachments: deleted 0 files"}
{"level":30,"time":"2023-05-25T10:36:06.663Z","msg":"cleanupOrphanedAttachments: found 2 attachments on disk"}
{"level":30,"time":"2023-05-25T10:36:06.663Z","msg":"MainSQL: getKnownConversationAttachments: About to iterate through 15"}
{"level":30,"time":"2023-05-25T10:36:06.664Z","msg":"MainSQL: getKnownConversationAttachments: Done processing"}
{"level":30,"time":"2023-05-25T10:36:06.664Z","msg":"cleanupOrphanedAttachments: found 2 conversation attachments (0 missing), 0 remain"}
{"level":30,"time":"2023-05-25T10:36:06.665Z","msg":"cleanupOrphanedAttachments: took 50ms"}
{"level":30,"time":"2023-05-25T10:36:06.666Z","msg":"Begin ensuring permissions"}
{"level":30,"time":"2023-05-25T10:36:06.667Z","msg":"MainSQL: getKnownMessageAttachments(dd505f1e75287be6): Starting iteration through 0 messages"}
{"level":30,"time":"2023-05-25T10:36:06.690Z","msg":"Ensuring file permissions for 516 files"}
{"level":50,"time":"2023-05-25T10:36:06.694Z","msg":"ensureFilePermissions: Error from chmod ENOENT: no such file or directory, chmod '[REDACTED]/SingletonCookie'"}
{"level":50,"time":"2023-05-25T10:36:06.694Z","msg":"ensureFilePermissions: Error from chmod ENOENT: no such file or directory, chmod '[REDACTED]/SingletonLock'"}
{"level":30,"time":"2023-05-25T10:36:06.719Z","msg":"MainSQL: finishGetKnownMessageAttachments(dd505f1e75287be6): reached the end after processing 0 messages"}
{"level":30,"time":"2023-05-25T10:36:06.720Z","msg":"cleanupOrphanedAttachments: found 0 message attachments, (0 missing) 0 remain"}
{"level":30,"time":"2023-05-25T10:36:06.720Z","msg":"deleteAll: deleted 0 files"}
{"level":30,"time":"2023-05-25T10:36:06.720Z","msg":"deleteOrphanedAttachments: took 55ms"}
{"level":30,"time":"2023-05-25T10:36:06.728Z","msg":"Finish ensuring permissions in 62ms"}
{"level":30,"time":"2023-05-25T10:36:06.787Z","msg":"Prevent display sleep service: allowing display sleep"}
{"level":30,"time":"2023-05-25T10:36:06.788Z","msg":"Background throttling enabled because no call is active"}
{"level":30,"time":"2023-05-25T10:36:07.036Z","msg":"Updating BrowserWindow config: %s {\"maximized\":false,\"autoHideMenuBar\":false,\"fullscreen\":false,\"width\":800,\"height\":610,\"x\":568,\"y\":274}"}
{"level":30,"time":"2023-05-25T10:36:07.037Z","msg":"config/set: Saving ephemeral config to disk"}
{"level":30,"time":"2023-05-25T10:36:07.038Z","msg":"config/set: Saved ephemeral config to disk"}
{"level":30,"time":"2023-05-25T10:36:11.268Z","msg":"Updating BrowserWindow config: %s {\"maximized\":false,\"autoHideMenuBar\":false,\"fullscreen\":false,\"width\":800,\"height\":610,\"x\":505,\"y\":254}"}
{"level":30,"time":"2023-05-25T10:36:11.268Z","msg":"config/set: Saving ephemeral config to disk"}
{"level":30,"time":"2023-05-25T10:36:11.269Z","msg":"config/set: Saved ephemeral config to disk"}
{"level":30,"time":"2023-05-25T10:36:11.700Z","msg":"updater/start: Updates disabled - not starting new version checks"}
{"level":30,"time":"2023-05-25T10:36:11.701Z","msg":"App loaded - time: 7156"}
{"level":30,"time":"2023-05-25T10:36:11.701Z","msg":"SQL init - time: 69"}
{"level":30,"time":"2023-05-25T10:36:11.701Z","msg":"Preload - time: 1225"}
{"level":30,"time":"2023-05-25T10:36:11.701Z","msg":"WebSocket connect - time: 660"}
{"level":30,"time":"2023-05-25T10:36:11.701Z","msg":"Processed count: 847"}
{"level":30,"time":"2023-05-25T10:36:11.701Z","msg":"Messages per second: 160.6905710491368"}
{"level":30,"time":"2023-05-25T10:36:32.935Z","msg":"Updating BrowserWindow config: %s {\"maximized\":false,\"autoHideMenuBar\":false,\"fullscreen\":false,\"width\":1920,\"height\":1046,\"x\":0,\"y\":0}"}
{"level":30,"time":"2023-05-25T10:36:32.936Z","msg":"config/set: Saving ephemeral config to disk"}
{"level":30,"time":"2023-05-25T10:36:32.936Z","msg":"config/set: Saved ephemeral config to disk"}
{"level":30,"time":"2023-05-25T10:36:34.537Z","msg":"Updating BrowserWindow config: %s {\"maximized\":true,\"autoHideMenuBar\":false,\"fullscreen\":false,\"width\":800,\"height\":610,\"x\":505,\"y\":254}"}
{"level":30,"time":"2023-05-25T10:36:34.537Z","msg":"config/set: Saving ephemeral config to disk"}
{"level":30,"time":"2023-05-25T10:36:34.538Z","msg":"config/set: Saved ephemeral config to disk"}
{"level":30,"time":"2023-05-25T10:41:06.722Z","msg":"MainSQL: slow query createOrUpdateItem duration=49ms"}
{"level":30,"time":"2023-05-25T10:51:11.150Z","msg":"MainSQL: slow query commitDecryptResult duration=49ms"}
{"level":30,"time":"2023-05-25T10:53:08.137Z","msg":"close event {\"readyForShutdown\":false,\"shouldQuit\":false}"}
{"level":30,"time":"2023-05-25T10:53:08.137Z","msg":"System tray service: rendering no tray"}
{"level":30,"time":"2023-05-25T10:53:08.138Z","msg":"requestShutdown: Requesting close of mainWindow..."}
{"level":30,"time":"2023-05-25T10:53:08.195Z","msg":"MainSQL: slow query close duration=49ms"}
{"level":30,"time":"2023-05-25T10:53:08.196Z","msg":"requestShutdown: Response received"}
{"level":30,"time":"2023-05-25T10:53:08.207Z","msg":"before-quit event {\"readyForShutdown\":true,\"shouldQuit\":false}"}
{"level":30,"time":"2023-05-25T10:53:08.207Z","msg":"System tray service: markShouldQuit"}
{"level":30,"time":"2023-05-25T10:53:08.207Z","msg":"close event {\"readyForShutdown\":true,\"shouldQuit\":true}"}
{"level":30,"time":"2023-05-25T10:53:08.227Z","msg":"System tray service: updating main window. Previously, there was a window, and now there is not"}
{"level":30,"time":"2023-05-25T10:53:08.227Z","msg":"System tray service: rendering no tray"}
{"level":30,"time":"2023-05-25T19:29:26.407Z","msg":"app.ready: preferred system locales: en-GB, en"}
{"level":30,"time":"2023-05-25T19:29:26.410Z","msg":"locale: Supported locales: af-ZA, ar, az-AZ, bg-BG, bn-BD, bs-BA, ca, cs, da, de, el, en, es, et-EE, eu, fa-IR, fi, fr, ga-IE, gl-ES, gu-IN, he, hi-IN, hr-HR, hu, id, it, ja, ka-GE, kk-KZ, km-KH, kn-IN, ko, ky-KG, lt-LT, lv-LV, mk-MK, ml-IN, mr-IN, ms, my, nb, nl, pa-IN, pl, pt-BR, pt-PT, ro-RO, ru, sk-SK, sl-SI, sq-AL, sr, sv, sw, ta-IN, te-IN, th, tl-PH, tr, ug, uk-UA, ur, vi, yue, zh-CN, zh-HK, zh-Hant"}
{"level":30,"time":"2023-05-25T19:29:26.410Z","msg":"locale: Preferred locales:  en-GB, en"}
{"level":30,"time":"2023-05-25T19:29:26.416Z","msg":"locale: Matched locale: en"}
{"level":30,"time":"2023-05-25T19:29:26.483Z","msg":"locale: Text info direction for en: ltr"}
{"level":30,"time":"2023-05-25T19:29:26.485Z","msg":"app ready"}
{"level":30,"time":"2023-05-25T19:29:26.485Z","msg":"starting version 6.19.0"}
{"level":30,"time":"2023-05-25T19:29:26.485Z","msg":"media access status [object Undefined] [object Undefined]"}
{"level":30,"time":"2023-05-25T19:29:26.486Z","msg":"got fast theme-setting value system"}
{"level":30,"time":"2023-05-25T19:29:26.488Z","msg":"got fast theme-setting value system"}
{"level":30,"time":"2023-05-25T19:29:26.489Z","msg":"got fast spellcheck setting true"}
{"level":30,"time":"2023-05-25T19:29:26.489Z","msg":"getSystemTraySetting had no flags and did no DB lookups. Returning DoNotUseSystemTray"}
{"level":30,"time":"2023-05-25T19:29:26.490Z","msg":"Initializing BrowserWindow config: {\"show\":false,\"width\":800,\"height\":610,\"minWidth\":300,\"minHeight\":200,\"autoHideMenuBar\":false,\"titleBarStyle\":\"default\",\"titleBarOverlay\":false,\"backgroundColor\":\"#121212\",\"webPreferences\":{\"devTools\":false,\"spellcheck\":true,\"enableBlinkFeatures\":\"CSSPseudoDir,CSSLogical\",\"nodeIntegration\":false,\"nodeIntegrationInWorker\":false,\"sandbox\":false,\"contextIsolation\":true,\"preload\":\"[REDACTED]/preload.bundle.js\",\"backgroundThrottling\":true,\"enablePreferredSizeMode\":true,\"disableBlinkFeatures\":\"Accelerated2dCanvas,AcceleratedSmallCanvases\"},\"icon\":\"[REDACTED]/images/signal-logo-desktop-linux.png\",\"x\":505,\"y\":254}"}
{"level":30,"time":"2023-05-25T19:29:26.538Z","msg":"spellcheck: user locales: [\"en-GB\",\"en\"]"}
{"level":30,"time":"2023-05-25T19:29:26.538Z","msg":"spellcheck: available spellchecker languages: [\"af\",\"bg\",\"ca\",\"cs\",\"cy\",\"da\",\"de\",\"de-DE\",\"el\",\"en\",\"en-AU\",\"en-CA\",\"en-GB\",\"en-GB-oxendict\",\"en-US\",\"es\",\"es-419\",\"es-AR\",\"es-ES\",\"es-MX\",\"es-US\",\"et\",\"fa\",\"fo\",\"fr\",\"fr-FR\",\"he\",\"hi\",\"hr\",\"hu\",\"hy\",\"id\",\"it\",\"it-IT\",\"ko\",\"lt\",\"lv\",\"nb\",\"nl\",\"pl\",\"pt\",\"pt-BR\",\"pt-PT\",\"ro\",\"ru\",\"sh\",\"sk\",\"sl\",\"sq\",\"sr\",\"sv\",\"ta\",\"tg\",\"tr\",\"uk\",\"vi\"]"}
{"level":30,"time":"2023-05-25T19:29:26.538Z","msg":"spellcheck: setting languages to: [\"en-GB\",\"en\"]"}
{"level":30,"time":"2023-05-25T19:29:26.565Z","msg":"MainSQL: updateSchema:\n  Current user_version: 81;\n  Most recent db schema: 82;\n  SQLite version: 3.39.4;\n  SQLCipher version: 4.5.3 community;\n  (deprecated) schema_version: 357;\n"}
{"level":30,"time":"2023-05-25T19:29:26.566Z","msg":"MainSQL: updateToSchemaVersion82: success!"}
{"level":30,"time":"2023-05-25T19:29:26.566Z","msg":"MainSQL: updateSchema: optimize took 0ms"}
{"level":30,"time":"2023-05-25T19:29:27.092Z","msg":"Updating BrowserWindow config: %s {\"maximized\":true,\"autoHideMenuBar\":false,\"fullscreen\":false,\"width\":1920,\"height\":1046,\"x\":0,\"y\":0}"}
{"level":30,"time":"2023-05-25T19:29:27.093Z","msg":"config/set: Saving ephemeral config to disk"}
{"level":30,"time":"2023-05-25T19:29:27.093Z","msg":"config/set: Saved ephemeral config to disk"}
{"level":30,"time":"2023-05-25T19:29:27.169Z","msg":"got fast theme-setting value system"}
{"level":30,"time":"2023-05-25T19:29:28.240Z","msg":"got fast spellcheck setting true"}
{"level":30,"time":"2023-05-25T19:29:28.252Z","msg":"System tray service: created"}
{"level":30,"time":"2023-05-25T19:29:28.252Z","msg":"System tray service: updating main window. Previously, there was not a window, and now there is"}
{"level":30,"time":"2023-05-25T19:29:28.252Z","msg":"System tray service: rendering no tray"}
{"level":30,"time":"2023-05-25T19:29:28.253Z","msg":"Begin ensuring permissions"}
{"level":30,"time":"2023-05-25T19:29:28.254Z","msg":"main window is ready-to-show"}
{"level":30,"time":"2023-05-25T19:29:28.254Z","msg":"showing main window"}
{"level":30,"time":"2023-05-25T19:29:28.255Z","msg":"System tray service: rendering no tray"}
{"level":30,"time":"2023-05-25T19:29:28.258Z","msg":"Ensuring file permissions for 4 files"}
{"level":30,"time":"2023-05-25T19:29:28.260Z","msg":"Finish ensuring permissions in 7ms"}
{"level":30,"time":"2023-05-25T19:29:28.324Z","msg":"deleteAllBadges: deleted 0 files"}
{"level":30,"time":"2023-05-25T19:29:28.351Z","msg":"MainSQL: removeKnownStickers: About to iterate through 264 stickers"}
{"level":30,"time":"2023-05-25T19:29:28.353Z","msg":"MainSQL: removeKnownStickers: Done processing 264 stickers"}
{"level":30,"time":"2023-05-25T19:29:28.353Z","msg":"deleteAllStickers: deleted 0 files"}
{"level":30,"time":"2023-05-25T19:29:28.355Z","msg":"MainSQL: removeKnownDraftAttachments: About to iterate through 16 conversations"}
{"level":30,"time":"2023-05-25T19:29:28.356Z","msg":"MainSQL: removeKnownDraftAttachments: Done processing 16 conversations"}
{"level":30,"time":"2023-05-25T19:29:28.356Z","msg":"deleteAllDraftAttachments: deleted 0 files"}
{"level":30,"time":"2023-05-25T19:29:28.367Z","msg":"cleanupOrphanedAttachments: found 96 attachments on disk"}
{"level":30,"time":"2023-05-25T19:29:28.368Z","msg":"MainSQL: getKnownConversationAttachments: About to iterate through 16"}
{"level":30,"time":"2023-05-25T19:29:28.368Z","msg":"MainSQL: getKnownConversationAttachments: Done processing"}
{"level":30,"time":"2023-05-25T19:29:28.368Z","msg":"cleanupOrphanedAttachments: found 3 conversation attachments (1 missing), 94 remain"}
{"level":30,"time":"2023-05-25T19:29:28.369Z","msg":"cleanupOrphanedAttachments: took 55ms"}
{"level":30,"time":"2023-05-25T19:29:28.369Z","msg":"Begin ensuring permissions"}
{"level":30,"time":"2023-05-25T19:29:28.370Z","msg":"MainSQL: getKnownMessageAttachments(7af95283624cac6b): Starting iteration through 344 messages"}
{"level":30,"time":"2023-05-25T19:29:28.394Z","msg":"Ensuring file permissions for 691 files"}
{"level":50,"time":"2023-05-25T19:29:28.398Z","msg":"ensureFilePermissions: Error from chmod ENOENT: no such file or directory, chmod '[REDACTED]/SingletonCookie'"}
{"level":50,"time":"2023-05-25T19:29:28.398Z","msg":"ensureFilePermissions: Error from chmod ENOENT: no such file or directory, chmod '[REDACTED]/SingletonLock'"}
{"level":30,"time":"2023-05-25T19:29:28.442Z","msg":"Finish ensuring permissions in 72ms"}
{"level":30,"time":"2023-05-25T19:29:28.447Z","msg":"MainSQL: finishGetKnownMessageAttachments(7af95283624cac6b): reached the end after processing 344 messages"}
{"level":30,"time":"2023-05-25T19:29:28.448Z","msg":"cleanupOrphanedAttachments: found 93 message attachments, (0 missing) 1 remain"}
{"level":30,"time":"2023-05-25T19:29:28.449Z","msg":"deleteAll: deleted 1 files"}
{"level":30,"time":"2023-05-25T19:29:28.449Z","msg":"deleteOrphanedAttachments: took 81ms"}
{"level":30,"time":"2023-05-25T19:29:28.506Z","msg":"Prevent display sleep service: allowing display sleep"}
{"level":30,"time":"2023-05-25T19:29:28.507Z","msg":"Background throttling enabled because no call is active"}
{"level":30,"time":"2023-05-25T19:29:39.201Z","msg":"close event {\"readyForShutdown\":false,\"shouldQuit\":false}"}
{"level":30,"time":"2023-05-25T19:29:39.202Z","msg":"System tray service: rendering no tray"}
{"level":30,"time":"2023-05-25T19:29:39.203Z","msg":"requestShutdown: Requesting close of mainWindow..."}
{"level":30,"time":"2023-05-25T19:29:43.996Z","msg":"MainSQL: slow query commitDecryptResult duration=49ms"}
{"level":30,"time":"2023-05-25T19:29:58.002Z","msg":"requestShutdown: Response received"}
{"level":30,"time":"2023-05-25T19:29:58.008Z","msg":"before-quit event {\"readyForShutdown\":true,\"shouldQuit\":false}"}
{"level":30,"time":"2023-05-25T19:29:58.008Z","msg":"System tray service: markShouldQuit"}
{"level":30,"time":"2023-05-25T19:29:58.008Z","msg":"close event {\"readyForShutdown\":true,\"shouldQuit\":true}"}
{"level":30,"time":"2023-05-25T19:29:58.010Z","msg":"System tray service: updating main window. Previously, there was a window, and now there is not"}
{"level":30,"time":"2023-05-25T19:29:58.010Z","msg":"System tray service: rendering no tray"}
{"level":30,"time":"2023-05-26T09:40:08.744Z","msg":"app.ready: preferred system locales: en-GB, en"}
{"level":30,"time":"2023-05-26T09:40:08.747Z","msg":"locale: Supported locales: af-ZA, ar, az-AZ, bg-BG, bn-BD, bs-BA, ca, cs, da, de, el, en, es, et-EE, eu, fa-IR, fi, fr, ga-IE, gl-ES, gu-IN, he, hi-IN, hr-HR, hu, id, it, ja, ka-GE, kk-KZ, km-KH, kn-IN, ko, ky-KG, lt-LT, lv-LV, mk-MK, ml-IN, mr-IN, ms, my, nb, nl, pa-IN, pl, pt-BR, pt-PT, ro-RO, ru, sk-SK, sl-SI, sq-AL, sr, sv, sw, ta-IN, te-IN, th, tl-PH, tr, ug, uk-UA, ur, vi, yue, zh-CN, zh-HK, zh-Hant"}
{"level":30,"time":"2023-05-26T09:40:08.747Z","msg":"locale: Preferred locales:  en-GB, en"}
{"level":30,"time":"2023-05-26T09:40:08.753Z","msg":"locale: Matched locale: en"}
{"level":30,"time":"2023-05-26T09:40:08.835Z","msg":"locale: Text info direction for en: ltr"}
{"level":30,"time":"2023-05-26T09:40:08.838Z","msg":"app ready"}
{"level":30,"time":"2023-05-26T09:40:08.838Z","msg":"starting version 6.19.0"}
{"level":30,"time":"2023-05-26T09:40:08.839Z","msg":"media access status [object Undefined] [object Undefined]"}
{"level":30,"time":"2023-05-26T09:40:08.840Z","msg":"got fast theme-setting value system"}
{"level":30,"time":"2023-05-26T09:40:08.843Z","msg":"got fast theme-setting value system"}
{"level":30,"time":"2023-05-26T09:40:08.843Z","msg":"got fast spellcheck setting true"}
{"level":30,"time":"2023-05-26T09:40:08.845Z","msg":"getSystemTraySetting had no flags and did no DB lookups. Returning DoNotUseSystemTray"}
{"level":30,"time":"2023-05-26T09:40:08.846Z","msg":"Initializing BrowserWindow config: {\"show\":false,\"width\":1920,\"height\":1046,\"minWidth\":300,\"minHeight\":200,\"autoHideMenuBar\":false,\"titleBarStyle\":\"default\",\"titleBarOverlay\":false,\"backgroundColor\":\"#121212\",\"webPreferences\":{\"devTools\":false,\"spellcheck\":true,\"enableBlinkFeatures\":\"CSSPseudoDir,CSSLogical\",\"nodeIntegration\":false,\"nodeIntegrationInWorker\":false,\"sandbox\":false,\"contextIsolation\":true,\"preload\":\"[REDACTED]/preload.bundle.js\",\"backgroundThrottling\":true,\"enablePreferredSizeMode\":true,\"disableBlinkFeatures\":\"Accelerated2dCanvas,AcceleratedSmallCanvases\"},\"icon\":\"[REDACTED]/images/signal-logo-desktop-linux.png\",\"x\":0,\"y\":0}"}
{"level":30,"time":"2023-05-26T09:40:08.908Z","msg":"spellcheck: user locales: [\"en-GB\",\"en\"]"}
{"level":30,"time":"2023-05-26T09:40:08.908Z","msg":"spellcheck: available spellchecker languages: [\"af\",\"bg\",\"ca\",\"cs\",\"cy\",\"da\",\"de\",\"de-DE\",\"el\",\"en\",\"en-AU\",\"en-CA\",\"en-GB\",\"en-GB-oxendict\",\"en-US\",\"es\",\"es-419\",\"es-AR\",\"es-ES\",\"es-MX\",\"es-US\",\"et\",\"fa\",\"fo\",\"fr\",\"fr-FR\",\"he\",\"hi\",\"hr\",\"hu\",\"hy\",\"id\",\"it\",\"it-IT\",\"ko\",\"lt\",\"lv\",\"nb\",\"nl\",\"pl\",\"pt\",\"pt-BR\",\"pt-PT\",\"ro\",\"ru\",\"sh\",\"sk\",\"sl\",\"sq\",\"sr\",\"sv\",\"ta\",\"tg\",\"tr\",\"uk\",\"vi\"]"}
{"level":30,"time":"2023-05-26T09:40:08.908Z","msg":"spellcheck: setting languages to: [\"en-GB\",\"en\"]"}
{"level":30,"time":"2023-05-26T09:40:08.950Z","msg":"MainSQL: updateSchema:\n  Current user_version: 82;\n  Most recent db schema: 82;\n  SQLite version: 3.39.4;\n  SQLCipher version: 4.5.3 community;\n  (deprecated) schema_version: 360;\n"}
{"level":30,"time":"2023-05-26T09:40:09.551Z","msg":"got fast theme-setting value system"}
{"level":30,"time":"2023-05-26T09:40:10.709Z","msg":"got fast spellcheck setting true"}
{"level":30,"time":"2023-05-26T09:40:10.719Z","msg":"System tray service: created"}
{"level":30,"time":"2023-05-26T09:40:10.719Z","msg":"System tray service: updating main window. Previously, there was not a window, and now there is"}
{"level":30,"time":"2023-05-26T09:40:10.719Z","msg":"System tray service: rendering no tray"}
{"level":30,"time":"2023-05-26T09:40:10.719Z","msg":"Begin ensuring permissions"}
{"level":30,"time":"2023-05-26T09:40:10.720Z","msg":"main window is ready-to-show"}
{"level":30,"time":"2023-05-26T09:40:10.720Z","msg":"showing main window"}
{"level":30,"time":"2023-05-26T09:40:10.721Z","msg":"System tray service: rendering no tray"}
{"level":30,"time":"2023-05-26T09:40:10.722Z","msg":"Ensuring file permissions for 4 files"}
{"level":30,"time":"2023-05-26T09:40:10.724Z","msg":"Finish ensuring permissions in 5ms"}
{"level":30,"time":"2023-05-26T09:40:10.911Z","msg":"Prevent display sleep service: allowing display sleep"}
{"level":30,"time":"2023-05-26T09:40:10.911Z","msg":"Background throttling enabled because no call is active"}
{"level":30,"time":"2023-05-26T09:40:28.873Z","msg":"MainSQL: slow query commitDecryptResult duration=49ms"}
{"level":40,"time":"2023-05-26T09:40:52.693Z","msg":"MainSQL: getAllUnprocessedAndIncrementAttempts: deleting 12 invalid unprocessed envelopes"}
{"level":30,"time":"2023-05-26T09:41:14.920Z","msg":"MainSQL: slow query commitDecryptResult duration=49ms"}
{"level":30,"time":"2023-05-26T09:41:16.536Z","msg":"got fast theme-setting value system"}
{"level":30,"time":"2023-05-26T09:41:16.605Z","msg":"got fast theme-setting value system"}
{"level":30,"time":"2023-05-26T09:41:34.679Z","msg":"close event {\"readyForShutdown\":false,\"shouldQuit\":false}"}
{"level":30,"time":"2023-05-26T09:41:34.681Z","msg":"System tray service: rendering no tray"}
{"level":30,"time":"2023-05-26T09:41:34.681Z","msg":"requestShutdown: Requesting close of mainWindow..."}
{"level":30,"time":"2023-05-26T09:42:01.893Z","msg":"requestShutdown: Response received"}
{"level":30,"time":"2023-05-26T09:42:01.900Z","msg":"before-quit event {\"readyForShutdown\":true,\"shouldQuit\":false}"}
{"level":30,"time":"2023-05-26T09:42:01.901Z","msg":"System tray service: markShouldQuit"}
{"level":30,"time":"2023-05-26T09:42:01.901Z","msg":"close event {\"readyForShutdown\":true,\"shouldQuit\":true}"}
{"level":30,"time":"2023-05-26T09:42:01.903Z","msg":"System tray service: updating main window. Previously, there was a window, and now there is not"}
{"level":30,"time":"2023-05-26T09:42:01.903Z","msg":"System tray service: rendering no tray"}
