2023-05-06 20:27:44 Loading main app package /usr/lib/obsidian/obsidian.asar
2023-05-06 20:27:44 Checking for update using Github
2023-05-06 20:27:44 Success.
2023-05-06 20:27:44 Latest version is 1.2.7
2023-05-06 20:27:44 App is up to date.
2023-05-07 20:36:16 Loading main app package /usr/lib/obsidian/obsidian.asar
2023-05-07 20:36:16 Checking for update using Github
2023-05-07 20:36:16 Failed to check for update using Github (net::ERR_INTERNET_DISCONNECTED)
2023-05-07 20:36:16 Checking for update using obsidian.md
2023-05-07 20:36:16 Failed to check for update using obsidian.md (net::ERR_INTERNET_DISCONNECTED)
2023-05-09 10:16:02 Loading main app package /usr/lib/obsidian/obsidian.asar
2023-05-09 10:16:02 Checking for update using Github
2023-05-09 10:16:02 Success.
2023-05-09 10:16:02 Latest version is 1.2.7
2023-05-09 10:16:02 App is up to date.
2023-05-09 11:16:02 Checking for update using Github
2023-05-09 11:16:02 Success.
2023-05-09 11:16:02 Latest version is 1.2.7
2023-05-09 11:16:02 App is up to date.
2023-05-09 12:16:02 Checking for update using Github
2023-05-09 12:16:02 Success.
2023-05-09 12:16:02 Latest version is 1.2.7
2023-05-09 12:16:02 App is up to date.
2023-05-09 13:16:02 Checking for update using Github
2023-05-09 13:16:02 Success.
2023-05-09 13:16:02 Latest version is 1.2.7
2023-05-09 13:16:02 App is up to date.
2023-05-09 14:16:02 Checking for update using Github
2023-05-09 14:16:02 Success.
2023-05-09 14:16:02 Latest version is 1.2.7
2023-05-09 14:16:02 App is up to date.
2023-05-09 15:16:02 Checking for update using Github
2023-05-09 15:16:02 Success.
2023-05-09 15:16:02 Latest version is 1.2.7
2023-05-09 15:16:02 App is up to date.
2023-05-09 16:16:02 Checking for update using Github
2023-05-09 16:16:02 Success.
2023-05-09 16:16:02 Latest version is 1.2.8
2023-05-09 16:16:02 Downloading update from https://github.com/obsidianmd/obsidian-releases/releases/download/v1.2.8/obsidian-1.2.8.asar.gz
2023-05-09 16:16:03 Verifying hash & signature. Size= 6033374
2023-05-09 16:16:03 Saving file
2023-05-09 16:16:03 Update complete.
2023-05-09 17:16:02 Checking for update using Github
2023-05-09 17:16:02 Success.
2023-05-09 17:16:02 Latest version is 1.2.8
2023-05-09 17:16:02 An update is already downloaded.
2023-05-09 18:16:02 Checking for update using Github
2023-05-09 18:16:03 Success.
2023-05-09 18:16:03 Latest version is 1.2.8
2023-05-09 18:16:03 An update is already downloaded.
2023-05-09 19:16:02 Checking for update using Github
2023-05-09 19:16:03 Success.
2023-05-09 19:16:03 Latest version is 1.2.8
2023-05-09 19:16:03 An update is already downloaded.
2023-05-09 20:16:02 Checking for update using Github
2023-05-09 20:16:03 Success.
2023-05-09 20:16:03 Latest version is 1.2.8
2023-05-09 20:16:03 An update is already downloaded.
2023-05-09 21:16:03 Checking for update using Github
2023-05-09 21:16:03 Success.
2023-05-09 21:16:03 Latest version is 1.2.8
2023-05-09 21:16:03 An update is already downloaded.
2023-05-09 22:16:03 Checking for update using Github
2023-05-09 22:16:03 Success.
2023-05-09 22:16:03 Latest version is 1.2.8
2023-05-09 22:16:03 An update is already downloaded.
2023-05-09 23:16:03 Checking for update using Github
2023-05-09 23:16:03 Success.
2023-05-09 23:16:03 Latest version is 1.2.8
2023-05-09 23:16:03 An update is already downloaded.
2023-05-10 00:16:03 Checking for update using Github
2023-05-10 00:16:03 Success.
2023-05-10 00:16:03 Latest version is 1.2.8
2023-05-10 00:16:03 An update is already downloaded.
2023-05-10 01:16:03 Checking for update using Github
2023-05-10 01:16:03 Success.
2023-05-10 01:16:03 Latest version is 1.2.8
2023-05-10 01:16:03 An update is already downloaded.
2023-05-10 07:19:58 Loading main app package /usr/lib/obsidian/obsidian.asar
2023-05-10 07:19:59 Checking for update using Github
2023-05-10 07:21:04 Success.
2023-05-10 07:21:04 Latest version is 1.2.8
2023-05-10 07:21:04 App is up to date.
2023-05-10 08:19:59 Checking for update using Github
2023-05-10 08:19:59 Success.
2023-05-10 08:19:59 Latest version is 1.2.8
2023-05-10 08:19:59 App is up to date.
2023-05-10 09:19:59 Checking for update using Github
2023-05-10 09:19:59 Success.
2023-05-10 09:19:59 Latest version is 1.2.8
2023-05-10 09:19:59 App is up to date.
2023-05-10 10:19:59 Checking for update using Github
2023-05-10 10:19:59 Success.
2023-05-10 10:19:59 Latest version is 1.2.8
2023-05-10 10:19:59 App is up to date.
2023-05-10 11:19:59 Checking for update using Github
2023-05-10 11:19:59 Success.
2023-05-10 11:19:59 Latest version is 1.2.8
2023-05-10 11:19:59 App is up to date.
2023-05-10 12:19:59 Checking for update using Github
2023-05-10 12:19:59 Success.
2023-05-10 12:19:59 Latest version is 1.2.8
2023-05-10 12:19:59 App is up to date.
2023-05-10 13:19:59 Checking for update using Github
2023-05-10 13:19:59 Success.
2023-05-10 13:19:59 Latest version is 1.2.8
2023-05-10 13:19:59 App is up to date.
2023-05-10 14:19:59 Checking for update using Github
2023-05-10 14:20:00 Success.
2023-05-10 14:20:00 Latest version is 1.2.8
2023-05-10 14:20:00 App is up to date.
2023-05-10 15:19:59 Checking for update using Github
2023-05-10 15:19:59 Success.
2023-05-10 15:19:59 Latest version is 1.2.8
2023-05-10 15:19:59 App is up to date.
2023-05-10 16:19:59 Checking for update using Github
2023-05-10 16:20:00 Success.
2023-05-10 16:20:00 Latest version is 1.2.8
2023-05-10 16:20:00 App is up to date.
2023-05-10 17:19:59 Checking for update using Github
2023-05-10 17:20:00 Success.
2023-05-10 17:20:00 Latest version is 1.2.8
2023-05-10 17:20:00 App is up to date.
2023-05-10 18:19:59 Checking for update using Github
2023-05-10 18:20:00 Success.
2023-05-10 18:20:00 Latest version is 1.2.8
2023-05-10 18:20:00 App is up to date.
2023-05-10 19:19:59 Checking for update using Github
2023-05-10 19:20:00 Success.
2023-05-10 19:20:00 Latest version is 1.2.8
2023-05-10 19:20:00 App is up to date.
2023-05-10 20:20:00 Checking for update using Github
2023-05-10 20:20:00 Success.
2023-05-10 20:20:00 Latest version is 1.2.8
2023-05-10 20:20:00 App is up to date.
2023-05-10 21:20:00 Checking for update using Github
2023-05-10 21:20:00 Success.
2023-05-10 21:20:00 Latest version is 1.2.8
2023-05-10 21:20:00 App is up to date.
2023-05-10 22:20:00 Checking for update using Github
2023-05-10 22:20:00 Success.
2023-05-10 22:20:00 Latest version is 1.2.8
2023-05-10 22:20:00 App is up to date.
2023-05-10 23:20:00 Checking for update using Github
2023-05-10 23:20:00 Success.
2023-05-10 23:20:00 Latest version is 1.2.8
2023-05-10 23:20:00 App is up to date.
2023-05-18 21:21:56 Loading main app package /usr/lib/obsidian/obsidian.asar
2023-05-18 21:21:56 Checking for update using Github
2023-05-18 21:21:56 Success.
2023-05-18 21:21:56 Latest version is 1.2.8
2023-05-18 21:21:56 App is up to date.
2023-05-20 05:08:09 Loading main app package /usr/lib/obsidian/obsidian.asar
2023-05-20 05:08:09 Checking for update using Github
2023-05-20 05:08:10 Success.
2023-05-20 05:08:10 Latest version is 1.2.8
2023-05-20 05:08:10 App is up to date.
2023-05-20 06:07:06 Loading main app package /usr/lib/obsidian/obsidian.asar
2023-05-20 06:07:06 Checking for update using Github
2023-05-20 06:07:06 Success.
2023-05-20 06:07:06 Latest version is 1.2.8
2023-05-20 06:07:06 App is up to date.
2023-05-20 07:07:06 Checking for update using Github
2023-05-20 07:07:06 Success.
2023-05-20 07:07:06 Latest version is 1.2.8
2023-05-20 07:07:06 App is up to date.
2023-05-20 08:07:06 Checking for update using Github
2023-05-20 08:07:06 Success.
2023-05-20 08:07:06 Latest version is 1.2.8
2023-05-20 08:07:06 App is up to date.
2023-05-20 09:07:06 Checking for update using Github
2023-05-20 09:07:06 Success.
2023-05-20 09:07:06 Latest version is 1.2.8
2023-05-20 09:07:06 App is up to date.
2023-05-20 10:07:06 Checking for update using Github
2023-05-20 10:07:06 Success.
2023-05-20 10:07:06 Latest version is 1.2.8
2023-05-20 10:07:06 App is up to date.
2023-05-20 11:07:06 Checking for update using Github
2023-05-20 11:07:06 Success.
2023-05-20 11:07:06 Latest version is 1.2.8
2023-05-20 11:07:06 App is up to date.
2023-05-20 12:07:06 Checking for update using Github
2023-05-20 12:07:06 Success.
2023-05-20 12:07:06 Latest version is 1.2.8
2023-05-20 12:07:06 App is up to date.
2023-05-20 13:07:06 Checking for update using Github
2023-05-20 13:07:06 Success.
2023-05-20 13:07:06 Latest version is 1.2.8
2023-05-20 13:07:06 App is up to date.
2023-05-20 14:07:06 Checking for update using Github
2023-05-20 14:07:06 Success.
2023-05-20 14:07:06 Latest version is 1.2.8
2023-05-20 14:07:06 App is up to date.
2023-05-20 15:07:06 Checking for update using Github
2023-05-20 15:07:07 Success.
2023-05-20 15:07:07 Latest version is 1.2.8
2023-05-20 15:07:07 App is up to date.
2023-05-20 16:07:06 Checking for update using Github
2023-05-20 16:07:07 Success.
2023-05-20 16:07:07 Latest version is 1.2.8
2023-05-20 16:07:07 App is up to date.
2023-05-20 17:07:07 Checking for update using Github
2023-05-20 17:07:07 Success.
2023-05-20 17:07:07 Latest version is 1.2.8
2023-05-20 17:07:07 App is up to date.
2023-05-20 18:07:07 Checking for update using Github
2023-05-20 18:07:07 Success.
2023-05-20 18:07:07 Latest version is 1.2.8
2023-05-20 18:07:07 App is up to date.
2023-05-20 19:07:07 Checking for update using Github
2023-05-20 19:07:07 Success.
2023-05-20 19:07:07 Latest version is 1.2.8
2023-05-20 19:07:07 App is up to date.
2023-05-20 20:07:07 Checking for update using Github
2023-05-20 20:07:07 Success.
2023-05-20 20:07:07 Latest version is 1.2.8
2023-05-20 20:07:07 App is up to date.
2023-05-20 21:07:07 Checking for update using Github
2023-05-20 21:07:07 Success.
2023-05-20 21:07:07 Latest version is 1.2.8
2023-05-20 21:07:07 App is up to date.
2023-05-20 22:07:07 Checking for update using Github
2023-05-20 22:07:07 Success.
2023-05-20 22:07:07 Latest version is 1.2.8
2023-05-20 22:07:07 App is up to date.
2023-05-20 23:07:07 Checking for update using Github
2023-05-20 23:07:07 Success.
2023-05-20 23:07:07 Latest version is 1.2.8
2023-05-20 23:07:07 App is up to date.
2023-05-21 00:07:07 Checking for update using Github
2023-05-21 00:07:07 Success.
2023-05-21 00:07:07 Latest version is 1.2.8
2023-05-21 00:07:07 App is up to date.
2023-05-21 01:07:07 Checking for update using Github
2023-05-21 01:07:07 Success.
2023-05-21 01:07:07 Latest version is 1.2.8
2023-05-21 01:07:07 App is up to date.
2023-05-21 02:07:07 Checking for update using Github
2023-05-21 02:07:07 Success.
2023-05-21 02:07:07 Latest version is 1.2.8
2023-05-21 02:07:07 App is up to date.
2023-05-21 03:07:07 Checking for update using Github
2023-05-21 03:07:08 Success.
2023-05-21 03:07:08 Latest version is 1.2.8
2023-05-21 03:07:08 App is up to date.
2023-05-21 04:07:07 Checking for update using Github
2023-05-21 04:07:08 Success.
2023-05-21 04:07:08 Latest version is 1.2.8
2023-05-21 04:07:08 App is up to date.
2023-05-21 05:07:08 Checking for update using Github
2023-05-21 05:07:08 Success.
2023-05-21 05:07:08 Latest version is 1.2.8
2023-05-21 05:07:08 App is up to date.
2023-05-21 06:07:08 Checking for update using Github
2023-05-21 06:07:08 Success.
2023-05-21 06:07:08 Latest version is 1.2.8
2023-05-21 06:07:08 App is up to date.
2023-05-22 07:29:50 Loading main app package /usr/lib/obsidian/obsidian.asar
2023-05-22 07:29:51 Checking for update using Github
2023-05-22 07:30:02 Success.
2023-05-22 07:30:02 Latest version is 1.2.8
2023-05-22 07:30:02 App is up to date.
2023-05-22 08:29:50 Checking for update using Github
2023-05-22 08:29:56 Success.
2023-05-22 08:29:56 Latest version is 1.2.8
2023-05-22 08:29:56 App is up to date.
