00:00:00.001081 main     VirtualBox XPCOM Server 7.0.8 r156879 linux.amd64 (Apr 18 2023 21:49:14) release log
00:00:00.001085 main     Log opened 2023-05-15T10:18:49.297579000Z
00:00:00.001086 main     Build Type: release
00:00:00.001089 main     OS Product: Linux
00:00:00.001090 main     OS Release: 6.3.1-arch2-1
00:00:00.001092 main     OS Version: #1 SMP PREEMPT_DYNAMIC Wed, 10 May 2023 08:54:47 +0000
00:00:00.001116 main     DMI Product Name: INVA
00:00:00.001127 main     DMI Product Version: INVALID
00:00:00.001132 main     Firmware type: UEFI
00:00:00.002071 main     Secure Boot: Disabled
00:00:00.002124 main     Host RAM: 19878MB (19.4GB) total, 18815MB (18.3GB) available
00:00:00.002129 main     Executable: /usr/lib/virtualbox/VBoxSVC
00:00:00.002130 main     Process ID: 2077
00:00:00.002131 main     Package type: LINUX_64BITS_GENERIC (OSE)
00:00:00.005146 main     IPC socket path: /tmp/.vbox-oskarw-ipc/ipcd
00:00:00.113537 nspr-2   VirtualBox: object creation starts
00:00:00.113692 nspr-2   Home directory: '/home/oskarw/.config/VirtualBox'
00:00:00.113921 nspr-2   Loading settings file "/home/oskarw/.config/VirtualBox/VirtualBox.xml" with version "1.12-linux"
00:00:00.141062 nspr-2   HostDnsMonitor: initializing
00:00:00.141339 nspr-2   NAT: resolv.conf: nameserver 150.254.180.6
00:00:00.141365 nspr-2   NAT: resolv.conf: nameserver 150.254.173.3
00:00:00.141379 nspr-2   NAT: resolv.conf: FIXME: ignoring IPv6 zone %enp8s0
00:00:00.141385 nspr-2   NAT: resolv.conf: nameserver fe80::32b5:c2ff:fe6b:2c22
00:00:00.141403 nspr-2   HostDnsMonitor: updating information
00:00:00.141427 nspr-2   HostDnsMonitor: old information
00:00:00.141438 nspr-2     no server entries
00:00:00.141446 nspr-2     no domain set
00:00:00.141453 nspr-2     no search string entries
00:00:00.141460 nspr-2   HostDnsMonitor: new information
00:00:00.141467 nspr-2     server 1: 150.254.180.6
00:00:00.141474 nspr-2     server 2: 150.254.173.3
00:00:00.141481 nspr-2     server 3: fe80::32b5:c2ff:fe6b:2c22%enp8s0
00:00:00.141488 nspr-2     domain: home
00:00:00.141495 nspr-2     search string 1: home
00:00:00.145923 nspr-2   VD: VDInit finished with VINF_SUCCESS
00:00:00.146122 nspr-2   ERROR [COM]: aRC=NS_ERROR_FAILURE (0x80004005) aIID={aac6c7cb-a371-4c58-ab51-0616896b2f2c} aComponent={SystemPropertiesWrap} aText={Cannot determine default Guest Additions ISO location. Most likely they are not available}, preserve=false aResultDetail=0
00:00:00.147900 nspr-2   Loading settings file "/home/oskarw/VirtualBox VMs/mint/mint.vbox" with version "1.19-linux"
00:00:00.149606 nspr-2   VirtualBox: object created
00:00:01.207277 nspr-3   WARNING [COM]: aRC=NS_ERROR_FAILURE (0x80004005) aIID={e54f6256-97a7-4947-8a78-10c013ddf4b8} aComponent={HostWrap} aText={VirtualBox is not currently allowed to access USB devices.  You can change this by adding your user to the 'vboxusers' group.  Please see the user manual for a more detailed explanation}, preserve=true aResultDetail=0
00:00:01.214183 nspr-2   WARNING [COM]: aRC=NS_ERROR_FAILURE (0x80004005) aIID={e54f6256-97a7-4947-8a78-10c013ddf4b8} aComponent={HostWrap} aText={VirtualBox is not currently allowed to access USB devices.  You can change this by adding your user to the 'vboxusers' group.  Please see the user manual for a more detailed explanation}, preserve=false aResultDetail=0
00:00:01.320547 nspr-4   ERROR [COM]: aRC=VBOX_E_INVALID_VM_STATE (0x80bb0002) aIID={300763af-5d6b-46e6-aa96-273eac15538a} aComponent={MachineWrap} aText={The machine is not mutable (state is PoweredOff)}, preserve=false aResultDetail=0
00:00:01.529698 nspr-4   WARNING [COM]: aRC=NS_ERROR_FAILURE (0x80004005) aIID={e54f6256-97a7-4947-8a78-10c013ddf4b8} aComponent={HostWrap} aText={VirtualBox is not currently allowed to access USB devices.  You can change this by adding your user to the 'vboxusers' group.  Please see the user manual for a more detailed explanation}, preserve=true aResultDetail=0
00:00:01.533590 nspr-4   WARNING [COM]: aRC=NS_ERROR_FAILURE (0x80004005) aIID={e54f6256-97a7-4947-8a78-10c013ddf4b8} aComponent={HostWrap} aText={VirtualBox is not currently allowed to access USB devices.  You can change this by adding your user to the 'vboxusers' group.  Please see the user manual for a more detailed explanation}, preserve=true aResultDetail=0
00:00:32.246061 dns-monitor NAT: resolv.conf: nameserver 10.255.255.10
00:00:32.246110 dns-monitor NAT: resolv.conf: nameserver 10.255.255.40
00:00:32.246144 dns-monitor HostDnsMonitor: updating information
00:00:32.246190 dns-monitor HostDnsMonitor: old information
00:00:32.246204 dns-monitor   server 1: 150.254.180.6
00:00:32.246216 dns-monitor   server 2: 150.254.173.3
00:00:32.246227 dns-monitor   server 3: fe80::32b5:c2ff:fe6b:2c22%enp8s0
00:00:32.246237 dns-monitor   domain: home
00:00:32.246248 dns-monitor   search string 1: home
00:00:32.246259 dns-monitor HostDnsMonitor: new information
00:00:32.246269 dns-monitor   server 1: 10.255.255.10
00:00:32.246279 dns-monitor   server 2: 10.255.255.40
00:00:32.246289 dns-monitor   no domain set
00:00:32.246330 dns-monitor   no search string entries
03:28:52.122198 main     VirtualBox: object deletion starts
03:28:52.169948 main     ERROR [COM]: aRC=VBOX_E_OBJECT_IN_USE (0x80bb000c) aIID={ad47ad09-787b-44ab-b343-a082a3f2dfb1} aComponent={MediumWrap} aText={Medium '/home/oskarw/VirtualBox VMs/mint/mint.vdi' cannot be closed because it is still attached to 1 virtual machines}, preserve=false aResultDetail=0
03:28:52.171236 main     HostDnsMonitor: shutting down ...
03:28:52.171687 main     HostDnsMonitor: shut down
03:28:52.182967 Watcher  ERROR [COM]: aRC=E_ACCESSDENIED (0x80070005) aIID={7682d5eb-f00e-44f1-8ca2-99d08b1cd607} aComponent={VirtualBoxWrap} aText={The object is not ready}, preserve=false aResultDetail=0
03:28:52.183187 main     VirtualBox: object deleted
